The system is: Linux - 4.15.0-29-generic - x86_64
Compiling the C compiler identification source file "CMakeCCompilerId.c" succeeded.
Compiler: /usr/bin/cc 
Build flags: 
Id flags:  

The output was:
0


Compilation of the C compiler identification source "CMakeCCompilerId.c" produced "a.out"

The C compiler identification is GNU, found in "/home/pc/libs/allegro-5.0.10/build/CMakeFiles/3.10.2/CompilerIdC/a.out"

Compiling the CXX compiler identification source file "CMakeCXXCompilerId.cpp" succeeded.
Compiler: /usr/bin/c++ 
Build flags: 
Id flags:  

The output was:
0


Compilation of the CXX compiler identification source "CMakeCXXCompilerId.cpp" produced "a.out"

The CXX compiler identification is GNU, found in "/home/pc/libs/allegro-5.0.10/build/CMakeFiles/3.10.2/CompilerIdCXX/a.out"

Determining if the C compiler works passed with the following output:
Change Dir: /home/pc/libs/allegro-5.0.10/build/CMakeFiles/CMakeTmp

Run Build Command:"/usr/bin/make" "cmTC_3398a/fast"
/usr/bin/make -f CMakeFiles/cmTC_3398a.dir/build.make CMakeFiles/cmTC_3398a.dir/build
make[1]: Entering directory '/home/pc/libs/allegro-5.0.10/build/CMakeFiles/CMakeTmp'
Building C object CMakeFiles/cmTC_3398a.dir/testCCompiler.c.o
/usr/bin/cc    -o CMakeFiles/cmTC_3398a.dir/testCCompiler.c.o   -c /home/pc/libs/allegro-5.0.10/build/CMakeFiles/CMakeTmp/testCCompiler.c
Linking C executable cmTC_3398a
/usr/bin/cmake -E cmake_link_script CMakeFiles/cmTC_3398a.dir/link.txt --verbose=1
/usr/bin/cc      -rdynamic CMakeFiles/cmTC_3398a.dir/testCCompiler.c.o  -o cmTC_3398a 
make[1]: Leaving directory '/home/pc/libs/allegro-5.0.10/build/CMakeFiles/CMakeTmp'


Detecting C compiler ABI info compiled with the following output:
Change Dir: /home/pc/libs/allegro-5.0.10/build/CMakeFiles/CMakeTmp

Run Build Command:"/usr/bin/make" "cmTC_2c73d/fast"
/usr/bin/make -f CMakeFiles/cmTC_2c73d.dir/build.make CMakeFiles/cmTC_2c73d.dir/build
make[1]: Entering directory '/home/pc/libs/allegro-5.0.10/build/CMakeFiles/CMakeTmp'
Building C object CMakeFiles/cmTC_2c73d.dir/CMakeCCompilerABI.c.o
/usr/bin/cc    -o CMakeFiles/cmTC_2c73d.dir/CMakeCCompilerABI.c.o   -c /usr/share/cmake-3.10/Modules/CMakeCCompilerABI.c
Linking C executable cmTC_2c73d
/usr/bin/cmake -E cmake_link_script CMakeFiles/cmTC_2c73d.dir/link.txt --verbose=1
/usr/bin/cc     -v -rdynamic CMakeFiles/cmTC_2c73d.dir/CMakeCCompilerABI.c.o  -o cmTC_2c73d 
Using built-in specs.
COLLECT_GCC=/usr/bin/cc
COLLECT_LTO_WRAPPER=/usr/lib/gcc/x86_64-linux-gnu/7/lto-wrapper
OFFLOAD_TARGET_NAMES=nvptx-none
OFFLOAD_TARGET_DEFAULT=1
Target: x86_64-linux-gnu
Configured with: ../src/configure -v --with-pkgversion='Ubuntu 7.3.0-16ubuntu3' --with-bugurl=file:///usr/share/doc/gcc-7/README.Bugs --enable-languages=c,ada,c++,go,brig,d,fortran,objc,obj-c++ --prefix=/usr --with-gcc-major-version-only --with-as=/usr/bin/x86_64-linux-gnu-as --with-ld=/usr/bin/x86_64-linux-gnu-ld --program-suffix=-7 --program-prefix=x86_64-linux-gnu- --enable-shared --enable-linker-build-id --libexecdir=/usr/lib --without-included-gettext --enable-threads=posix --libdir=/usr/lib --enable-nls --with-sysroot=/ --enable-clocale=gnu --enable-libstdcxx-debug --enable-libstdcxx-time=yes --with-default-libstdcxx-abi=new --enable-gnu-unique-object --disable-vtable-verify --enable-libmpx --enable-plugin --enable-default-pie --with-system-zlib --with-target-system-zlib --enable-objc-gc=auto --enable-multiarch --disable-werror --with-arch-32=i686 --with-abi=m64 --with-multilib-list=m32,m64,mx32 --enable-multilib --with-tune=generic --enable-offload-targets=nvptx-none --without-cuda-driver --enable-checking=release --build=x86_64-linux-gnu --host=x86_64-linux-gnu --target=x86_64-linux-gnu
Thread model: posix
gcc version 7.3.0 (Ubuntu 7.3.0-16ubuntu3) 
COMPILER_PATH=/usr/lib/gcc/x86_64-linux-gnu/7/:/usr/lib/gcc/x86_64-linux-gnu/7/:/usr/lib/gcc/x86_64-linux-gnu/:/usr/lib/gcc/x86_64-linux-gnu/7/:/usr/lib/gcc/x86_64-linux-gnu/
LIBRARY_PATH=/usr/lib/gcc/x86_64-linux-gnu/7/:/usr/lib/gcc/x86_64-linux-gnu/7/../../../x86_64-linux-gnu/:/usr/lib/gcc/x86_64-linux-gnu/7/../../../../lib/:/lib/x86_64-linux-gnu/:/lib/../lib/:/usr/lib/x86_64-linux-gnu/:/usr/lib/../lib/:/usr/lib/gcc/x86_64-linux-gnu/7/../../../:/lib/:/usr/lib/
COLLECT_GCC_OPTIONS='-v' '-rdynamic' '-o' 'cmTC_2c73d' '-mtune=generic' '-march=x86-64'
 /usr/lib/gcc/x86_64-linux-gnu/7/collect2 -plugin /usr/lib/gcc/x86_64-linux-gnu/7/liblto_plugin.so -plugin-opt=/usr/lib/gcc/x86_64-linux-gnu/7/lto-wrapper -plugin-opt=-fresolution=/tmp/ccvmx1eY.res -plugin-opt=-pass-through=-lgcc -plugin-opt=-pass-through=-lgcc_s -plugin-opt=-pass-through=-lc -plugin-opt=-pass-through=-lgcc -plugin-opt=-pass-through=-lgcc_s --sysroot=/ --build-id --eh-frame-hdr -m elf_x86_64 --hash-style=gnu --as-needed -export-dynamic -dynamic-linker /lib64/ld-linux-x86-64.so.2 -pie -z now -z relro -o cmTC_2c73d /usr/lib/gcc/x86_64-linux-gnu/7/../../../x86_64-linux-gnu/Scrt1.o /usr/lib/gcc/x86_64-linux-gnu/7/../../../x86_64-linux-gnu/crti.o /usr/lib/gcc/x86_64-linux-gnu/7/crtbeginS.o -L/usr/lib/gcc/x86_64-linux-gnu/7 -L/usr/lib/gcc/x86_64-linux-gnu/7/../../../x86_64-linux-gnu -L/usr/lib/gcc/x86_64-linux-gnu/7/../../../../lib -L/lib/x86_64-linux-gnu -L/lib/../lib -L/usr/lib/x86_64-linux-gnu -L/usr/lib/../lib -L/usr/lib/gcc/x86_64-linux-gnu/7/../../.. CMakeFiles/cmTC_2c73d.dir/CMakeCCompilerABI.c.o -lgcc --push-state --as-needed -lgcc_s --pop-state -lc -lgcc --push-state --as-needed -lgcc_s --pop-state /usr/lib/gcc/x86_64-linux-gnu/7/crtendS.o /usr/lib/gcc/x86_64-linux-gnu/7/../../../x86_64-linux-gnu/crtn.o
COLLECT_GCC_OPTIONS='-v' '-rdynamic' '-o' 'cmTC_2c73d' '-mtune=generic' '-march=x86-64'
make[1]: Leaving directory '/home/pc/libs/allegro-5.0.10/build/CMakeFiles/CMakeTmp'


Parsed C implicit link information from above output:
  link line regex: [^( *|.*[/\])(ld|CMAKE_LINK_STARTFILE-NOTFOUND|([^/\]+-)?ld|collect2)[^/\]*( |$)]
  ignore line: [Change Dir: /home/pc/libs/allegro-5.0.10/build/CMakeFiles/CMakeTmp]
  ignore line: []
  ignore line: [Run Build Command:"/usr/bin/make" "cmTC_2c73d/fast"]
  ignore line: [/usr/bin/make -f CMakeFiles/cmTC_2c73d.dir/build.make CMakeFiles/cmTC_2c73d.dir/build]
  ignore line: [make[1]: Entering directory '/home/pc/libs/allegro-5.0.10/build/CMakeFiles/CMakeTmp']
  ignore line: [Building C object CMakeFiles/cmTC_2c73d.dir/CMakeCCompilerABI.c.o]
  ignore line: [/usr/bin/cc    -o CMakeFiles/cmTC_2c73d.dir/CMakeCCompilerABI.c.o   -c /usr/share/cmake-3.10/Modules/CMakeCCompilerABI.c]
  ignore line: [Linking C executable cmTC_2c73d]
  ignore line: [/usr/bin/cmake -E cmake_link_script CMakeFiles/cmTC_2c73d.dir/link.txt --verbose=1]
  ignore line: [/usr/bin/cc     -v -rdynamic CMakeFiles/cmTC_2c73d.dir/CMakeCCompilerABI.c.o  -o cmTC_2c73d ]
  ignore line: [Using built-in specs.]
  ignore line: [COLLECT_GCC=/usr/bin/cc]
  ignore line: [COLLECT_LTO_WRAPPER=/usr/lib/gcc/x86_64-linux-gnu/7/lto-wrapper]
  ignore line: [OFFLOAD_TARGET_NAMES=nvptx-none]
  ignore line: [OFFLOAD_TARGET_DEFAULT=1]
  ignore line: [Target: x86_64-linux-gnu]
  ignore line: [Configured with: ../src/configure -v --with-pkgversion='Ubuntu 7.3.0-16ubuntu3' --with-bugurl=file:///usr/share/doc/gcc-7/README.Bugs --enable-languages=c,ada,c++,go,brig,d,fortran,objc,obj-c++ --prefix=/usr --with-gcc-major-version-only --with-as=/usr/bin/x86_64-linux-gnu-as --with-ld=/usr/bin/x86_64-linux-gnu-ld --program-suffix=-7 --program-prefix=x86_64-linux-gnu- --enable-shared --enable-linker-build-id --libexecdir=/usr/lib --without-included-gettext --enable-threads=posix --libdir=/usr/lib --enable-nls --with-sysroot=/ --enable-clocale=gnu --enable-libstdcxx-debug --enable-libstdcxx-time=yes --with-default-libstdcxx-abi=new --enable-gnu-unique-object --disable-vtable-verify --enable-libmpx --enable-plugin --enable-default-pie --with-system-zlib --with-target-system-zlib --enable-objc-gc=auto --enable-multiarch --disable-werror --with-arch-32=i686 --with-abi=m64 --with-multilib-list=m32,m64,mx32 --enable-multilib --with-tune=generic --enable-offload-targets=nvptx-none --without-cuda-driver --enable-checking=release --build=x86_64-linux-gnu --host=x86_64-linux-gnu --target=x86_64-linux-gnu]
  ignore line: [Thread model: posix]
  ignore line: [gcc version 7.3.0 (Ubuntu 7.3.0-16ubuntu3) ]
  ignore line: [COMPILER_PATH=/usr/lib/gcc/x86_64-linux-gnu/7/:/usr/lib/gcc/x86_64-linux-gnu/7/:/usr/lib/gcc/x86_64-linux-gnu/:/usr/lib/gcc/x86_64-linux-gnu/7/:/usr/lib/gcc/x86_64-linux-gnu/]
  ignore line: [LIBRARY_PATH=/usr/lib/gcc/x86_64-linux-gnu/7/:/usr/lib/gcc/x86_64-linux-gnu/7/../../../x86_64-linux-gnu/:/usr/lib/gcc/x86_64-linux-gnu/7/../../../../lib/:/lib/x86_64-linux-gnu/:/lib/../lib/:/usr/lib/x86_64-linux-gnu/:/usr/lib/../lib/:/usr/lib/gcc/x86_64-linux-gnu/7/../../../:/lib/:/usr/lib/]
  ignore line: [COLLECT_GCC_OPTIONS='-v' '-rdynamic' '-o' 'cmTC_2c73d' '-mtune=generic' '-march=x86-64']
  link line: [ /usr/lib/gcc/x86_64-linux-gnu/7/collect2 -plugin /usr/lib/gcc/x86_64-linux-gnu/7/liblto_plugin.so -plugin-opt=/usr/lib/gcc/x86_64-linux-gnu/7/lto-wrapper -plugin-opt=-fresolution=/tmp/ccvmx1eY.res -plugin-opt=-pass-through=-lgcc -plugin-opt=-pass-through=-lgcc_s -plugin-opt=-pass-through=-lc -plugin-opt=-pass-through=-lgcc -plugin-opt=-pass-through=-lgcc_s --sysroot=/ --build-id --eh-frame-hdr -m elf_x86_64 --hash-style=gnu --as-needed -export-dynamic -dynamic-linker /lib64/ld-linux-x86-64.so.2 -pie -z now -z relro -o cmTC_2c73d /usr/lib/gcc/x86_64-linux-gnu/7/../../../x86_64-linux-gnu/Scrt1.o /usr/lib/gcc/x86_64-linux-gnu/7/../../../x86_64-linux-gnu/crti.o /usr/lib/gcc/x86_64-linux-gnu/7/crtbeginS.o -L/usr/lib/gcc/x86_64-linux-gnu/7 -L/usr/lib/gcc/x86_64-linux-gnu/7/../../../x86_64-linux-gnu -L/usr/lib/gcc/x86_64-linux-gnu/7/../../../../lib -L/lib/x86_64-linux-gnu -L/lib/../lib -L/usr/lib/x86_64-linux-gnu -L/usr/lib/../lib -L/usr/lib/gcc/x86_64-linux-gnu/7/../../.. CMakeFiles/cmTC_2c73d.dir/CMakeCCompilerABI.c.o -lgcc --push-state --as-needed -lgcc_s --pop-state -lc -lgcc --push-state --as-needed -lgcc_s --pop-state /usr/lib/gcc/x86_64-linux-gnu/7/crtendS.o /usr/lib/gcc/x86_64-linux-gnu/7/../../../x86_64-linux-gnu/crtn.o]
    arg [/usr/lib/gcc/x86_64-linux-gnu/7/collect2] ==> ignore
    arg [-plugin] ==> ignore
    arg [/usr/lib/gcc/x86_64-linux-gnu/7/liblto_plugin.so] ==> ignore
    arg [-plugin-opt=/usr/lib/gcc/x86_64-linux-gnu/7/lto-wrapper] ==> ignore
    arg [-plugin-opt=-fresolution=/tmp/ccvmx1eY.res] ==> ignore
    arg [-plugin-opt=-pass-through=-lgcc] ==> ignore
    arg [-plugin-opt=-pass-through=-lgcc_s] ==> ignore
    arg [-plugin-opt=-pass-through=-lc] ==> ignore
    arg [-plugin-opt=-pass-through=-lgcc] ==> ignore
    arg [-plugin-opt=-pass-through=-lgcc_s] ==> ignore
    arg [--sysroot=/] ==> ignore
    arg [--build-id] ==> ignore
    arg [--eh-frame-hdr] ==> ignore
    arg [-m] ==> ignore
    arg [elf_x86_64] ==> ignore
    arg [--hash-style=gnu] ==> ignore
    arg [--as-needed] ==> ignore
    arg [-export-dynamic] ==> ignore
    arg [-dynamic-linker] ==> ignore
    arg [/lib64/ld-linux-x86-64.so.2] ==> ignore
    arg [-pie] ==> ignore
    arg [-znow] ==> ignore
    arg [-zrelro] ==> ignore
    arg [-o] ==> ignore
    arg [cmTC_2c73d] ==> ignore
    arg [/usr/lib/gcc/x86_64-linux-gnu/7/../../../x86_64-linux-gnu/Scrt1.o] ==> ignore
    arg [/usr/lib/gcc/x86_64-linux-gnu/7/../../../x86_64-linux-gnu/crti.o] ==> ignore
    arg [/usr/lib/gcc/x86_64-linux-gnu/7/crtbeginS.o] ==> ignore
    arg [-L/usr/lib/gcc/x86_64-linux-gnu/7] ==> dir [/usr/lib/gcc/x86_64-linux-gnu/7]
    arg [-L/usr/lib/gcc/x86_64-linux-gnu/7/../../../x86_64-linux-gnu] ==> dir [/usr/lib/gcc/x86_64-linux-gnu/7/../../../x86_64-linux-gnu]
    arg [-L/usr/lib/gcc/x86_64-linux-gnu/7/../../../../lib] ==> dir [/usr/lib/gcc/x86_64-linux-gnu/7/../../../../lib]
    arg [-L/lib/x86_64-linux-gnu] ==> dir [/lib/x86_64-linux-gnu]
    arg [-L/lib/../lib] ==> dir [/lib/../lib]
    arg [-L/usr/lib/x86_64-linux-gnu] ==> dir [/usr/lib/x86_64-linux-gnu]
    arg [-L/usr/lib/../lib] ==> dir [/usr/lib/../lib]
    arg [-L/usr/lib/gcc/x86_64-linux-gnu/7/../../..] ==> dir [/usr/lib/gcc/x86_64-linux-gnu/7/../../..]
    arg [CMakeFiles/cmTC_2c73d.dir/CMakeCCompilerABI.c.o] ==> ignore
    arg [-lgcc] ==> lib [gcc]
    arg [--push-state] ==> ignore
    arg [--as-needed] ==> ignore
    arg [-lgcc_s] ==> lib [gcc_s]
    arg [--pop-state] ==> ignore
    arg [-lc] ==> lib [c]
    arg [-lgcc] ==> lib [gcc]
    arg [--push-state] ==> ignore
    arg [--as-needed] ==> ignore
    arg [-lgcc_s] ==> lib [gcc_s]
    arg [--pop-state] ==> ignore
    arg [/usr/lib/gcc/x86_64-linux-gnu/7/crtendS.o] ==> ignore
    arg [/usr/lib/gcc/x86_64-linux-gnu/7/../../../x86_64-linux-gnu/crtn.o] ==> ignore
  collapse library dir [/usr/lib/gcc/x86_64-linux-gnu/7] ==> [/usr/lib/gcc/x86_64-linux-gnu/7]
  collapse library dir [/usr/lib/gcc/x86_64-linux-gnu/7/../../../x86_64-linux-gnu] ==> [/usr/lib/x86_64-linux-gnu]
  collapse library dir [/usr/lib/gcc/x86_64-linux-gnu/7/../../../../lib] ==> [/usr/lib]
  collapse library dir [/lib/x86_64-linux-gnu] ==> [/lib/x86_64-linux-gnu]
  collapse library dir [/lib/../lib] ==> [/lib]
  collapse library dir [/usr/lib/x86_64-linux-gnu] ==> [/usr/lib/x86_64-linux-gnu]
  collapse library dir [/usr/lib/../lib] ==> [/usr/lib]
  collapse library dir [/usr/lib/gcc/x86_64-linux-gnu/7/../../..] ==> [/usr/lib]
  implicit libs: [gcc;gcc_s;c;gcc;gcc_s]
  implicit dirs: [/usr/lib/gcc/x86_64-linux-gnu/7;/usr/lib/x86_64-linux-gnu;/usr/lib;/lib/x86_64-linux-gnu;/lib]
  implicit fwks: []




Detecting C [-std=c11] compiler features compiled with the following output:
Change Dir: /home/pc/libs/allegro-5.0.10/build/CMakeFiles/CMakeTmp

Run Build Command:"/usr/bin/make" "cmTC_5cc15/fast"
/usr/bin/make -f CMakeFiles/cmTC_5cc15.dir/build.make CMakeFiles/cmTC_5cc15.dir/build
make[1]: Entering directory '/home/pc/libs/allegro-5.0.10/build/CMakeFiles/CMakeTmp'
Building C object CMakeFiles/cmTC_5cc15.dir/feature_tests.c.o
/usr/bin/cc   -std=c11 -o CMakeFiles/cmTC_5cc15.dir/feature_tests.c.o   -c /home/pc/libs/allegro-5.0.10/build/CMakeFiles/feature_tests.c
Linking C executable cmTC_5cc15
/usr/bin/cmake -E cmake_link_script CMakeFiles/cmTC_5cc15.dir/link.txt --verbose=1
/usr/bin/cc      -rdynamic CMakeFiles/cmTC_5cc15.dir/feature_tests.c.o  -o cmTC_5cc15 
make[1]: Leaving directory '/home/pc/libs/allegro-5.0.10/build/CMakeFiles/CMakeTmp'


    Feature record: C_FEATURE:1c_function_prototypes
    Feature record: C_FEATURE:1c_restrict
    Feature record: C_FEATURE:1c_static_assert
    Feature record: C_FEATURE:1c_variadic_macros


Detecting C [-std=c99] compiler features compiled with the following output:
Change Dir: /home/pc/libs/allegro-5.0.10/build/CMakeFiles/CMakeTmp

Run Build Command:"/usr/bin/make" "cmTC_906eb/fast"
/usr/bin/make -f CMakeFiles/cmTC_906eb.dir/build.make CMakeFiles/cmTC_906eb.dir/build
make[1]: Entering directory '/home/pc/libs/allegro-5.0.10/build/CMakeFiles/CMakeTmp'
Building C object CMakeFiles/cmTC_906eb.dir/feature_tests.c.o
/usr/bin/cc   -std=c99 -o CMakeFiles/cmTC_906eb.dir/feature_tests.c.o   -c /home/pc/libs/allegro-5.0.10/build/CMakeFiles/feature_tests.c
Linking C executable cmTC_906eb
/usr/bin/cmake -E cmake_link_script CMakeFiles/cmTC_906eb.dir/link.txt --verbose=1
/usr/bin/cc      -rdynamic CMakeFiles/cmTC_906eb.dir/feature_tests.c.o  -o cmTC_906eb 
make[1]: Leaving directory '/home/pc/libs/allegro-5.0.10/build/CMakeFiles/CMakeTmp'


    Feature record: C_FEATURE:1c_function_prototypes
    Feature record: C_FEATURE:1c_restrict
    Feature record: C_FEATURE:0c_static_assert
    Feature record: C_FEATURE:1c_variadic_macros


Detecting C [-std=c90] compiler features compiled with the following output:
Change Dir: /home/pc/libs/allegro-5.0.10/build/CMakeFiles/CMakeTmp

Run Build Command:"/usr/bin/make" "cmTC_8df34/fast"
/usr/bin/make -f CMakeFiles/cmTC_8df34.dir/build.make CMakeFiles/cmTC_8df34.dir/build
make[1]: Entering directory '/home/pc/libs/allegro-5.0.10/build/CMakeFiles/CMakeTmp'
Building C object CMakeFiles/cmTC_8df34.dir/feature_tests.c.o
/usr/bin/cc   -std=c90 -o CMakeFiles/cmTC_8df34.dir/feature_tests.c.o   -c /home/pc/libs/allegro-5.0.10/build/CMakeFiles/feature_tests.c
Linking C executable cmTC_8df34
/usr/bin/cmake -E cmake_link_script CMakeFiles/cmTC_8df34.dir/link.txt --verbose=1
/usr/bin/cc      -rdynamic CMakeFiles/cmTC_8df34.dir/feature_tests.c.o  -o cmTC_8df34 
make[1]: Leaving directory '/home/pc/libs/allegro-5.0.10/build/CMakeFiles/CMakeTmp'


    Feature record: C_FEATURE:1c_function_prototypes
    Feature record: C_FEATURE:0c_restrict
    Feature record: C_FEATURE:0c_static_assert
    Feature record: C_FEATURE:0c_variadic_macros
Determining if the CXX compiler works passed with the following output:
Change Dir: /home/pc/libs/allegro-5.0.10/build/CMakeFiles/CMakeTmp

Run Build Command:"/usr/bin/make" "cmTC_6879b/fast"
/usr/bin/make -f CMakeFiles/cmTC_6879b.dir/build.make CMakeFiles/cmTC_6879b.dir/build
make[1]: Entering directory '/home/pc/libs/allegro-5.0.10/build/CMakeFiles/CMakeTmp'
Building CXX object CMakeFiles/cmTC_6879b.dir/testCXXCompiler.cxx.o
/usr/bin/c++     -o CMakeFiles/cmTC_6879b.dir/testCXXCompiler.cxx.o -c /home/pc/libs/allegro-5.0.10/build/CMakeFiles/CMakeTmp/testCXXCompiler.cxx
Linking CXX executable cmTC_6879b
/usr/bin/cmake -E cmake_link_script CMakeFiles/cmTC_6879b.dir/link.txt --verbose=1
/usr/bin/c++       -rdynamic CMakeFiles/cmTC_6879b.dir/testCXXCompiler.cxx.o  -o cmTC_6879b 
make[1]: Leaving directory '/home/pc/libs/allegro-5.0.10/build/CMakeFiles/CMakeTmp'


Detecting CXX compiler ABI info compiled with the following output:
Change Dir: /home/pc/libs/allegro-5.0.10/build/CMakeFiles/CMakeTmp

Run Build Command:"/usr/bin/make" "cmTC_97478/fast"
/usr/bin/make -f CMakeFiles/cmTC_97478.dir/build.make CMakeFiles/cmTC_97478.dir/build
make[1]: Entering directory '/home/pc/libs/allegro-5.0.10/build/CMakeFiles/CMakeTmp'
Building CXX object CMakeFiles/cmTC_97478.dir/CMakeCXXCompilerABI.cpp.o
/usr/bin/c++     -o CMakeFiles/cmTC_97478.dir/CMakeCXXCompilerABI.cpp.o -c /usr/share/cmake-3.10/Modules/CMakeCXXCompilerABI.cpp
Linking CXX executable cmTC_97478
/usr/bin/cmake -E cmake_link_script CMakeFiles/cmTC_97478.dir/link.txt --verbose=1
/usr/bin/c++      -v -rdynamic CMakeFiles/cmTC_97478.dir/CMakeCXXCompilerABI.cpp.o  -o cmTC_97478 
Using built-in specs.
COLLECT_GCC=/usr/bin/c++
COLLECT_LTO_WRAPPER=/usr/lib/gcc/x86_64-linux-gnu/7/lto-wrapper
OFFLOAD_TARGET_NAMES=nvptx-none
OFFLOAD_TARGET_DEFAULT=1
Target: x86_64-linux-gnu
Configured with: ../src/configure -v --with-pkgversion='Ubuntu 7.3.0-16ubuntu3' --with-bugurl=file:///usr/share/doc/gcc-7/README.Bugs --enable-languages=c,ada,c++,go,brig,d,fortran,objc,obj-c++ --prefix=/usr --with-gcc-major-version-only --with-as=/usr/bin/x86_64-linux-gnu-as --with-ld=/usr/bin/x86_64-linux-gnu-ld --program-suffix=-7 --program-prefix=x86_64-linux-gnu- --enable-shared --enable-linker-build-id --libexecdir=/usr/lib --without-included-gettext --enable-threads=posix --libdir=/usr/lib --enable-nls --with-sysroot=/ --enable-clocale=gnu --enable-libstdcxx-debug --enable-libstdcxx-time=yes --with-default-libstdcxx-abi=new --enable-gnu-unique-object --disable-vtable-verify --enable-libmpx --enable-plugin --enable-default-pie --with-system-zlib --with-target-system-zlib --enable-objc-gc=auto --enable-multiarch --disable-werror --with-arch-32=i686 --with-abi=m64 --with-multilib-list=m32,m64,mx32 --enable-multilib --with-tune=generic --enable-offload-targets=nvptx-none --without-cuda-driver --enable-checking=release --build=x86_64-linux-gnu --host=x86_64-linux-gnu --target=x86_64-linux-gnu
Thread model: posix
gcc version 7.3.0 (Ubuntu 7.3.0-16ubuntu3) 
COMPILER_PATH=/usr/lib/gcc/x86_64-linux-gnu/7/:/usr/lib/gcc/x86_64-linux-gnu/7/:/usr/lib/gcc/x86_64-linux-gnu/:/usr/lib/gcc/x86_64-linux-gnu/7/:/usr/lib/gcc/x86_64-linux-gnu/
LIBRARY_PATH=/usr/lib/gcc/x86_64-linux-gnu/7/:/usr/lib/gcc/x86_64-linux-gnu/7/../../../x86_64-linux-gnu/:/usr/lib/gcc/x86_64-linux-gnu/7/../../../../lib/:/lib/x86_64-linux-gnu/:/lib/../lib/:/usr/lib/x86_64-linux-gnu/:/usr/lib/../lib/:/usr/lib/gcc/x86_64-linux-gnu/7/../../../:/lib/:/usr/lib/
COLLECT_GCC_OPTIONS='-v' '-rdynamic' '-o' 'cmTC_97478' '-shared-libgcc' '-mtune=generic' '-march=x86-64'
 /usr/lib/gcc/x86_64-linux-gnu/7/collect2 -plugin /usr/lib/gcc/x86_64-linux-gnu/7/liblto_plugin.so -plugin-opt=/usr/lib/gcc/x86_64-linux-gnu/7/lto-wrapper -plugin-opt=-fresolution=/tmp/ccO5jC4A.res -plugin-opt=-pass-through=-lgcc_s -plugin-opt=-pass-through=-lgcc -plugin-opt=-pass-through=-lc -plugin-opt=-pass-through=-lgcc_s -plugin-opt=-pass-through=-lgcc --sysroot=/ --build-id --eh-frame-hdr -m elf_x86_64 --hash-style=gnu --as-needed -export-dynamic -dynamic-linker /lib64/ld-linux-x86-64.so.2 -pie -z now -z relro -o cmTC_97478 /usr/lib/gcc/x86_64-linux-gnu/7/../../../x86_64-linux-gnu/Scrt1.o /usr/lib/gcc/x86_64-linux-gnu/7/../../../x86_64-linux-gnu/crti.o /usr/lib/gcc/x86_64-linux-gnu/7/crtbeginS.o -L/usr/lib/gcc/x86_64-linux-gnu/7 -L/usr/lib/gcc/x86_64-linux-gnu/7/../../../x86_64-linux-gnu -L/usr/lib/gcc/x86_64-linux-gnu/7/../../../../lib -L/lib/x86_64-linux-gnu -L/lib/../lib -L/usr/lib/x86_64-linux-gnu -L/usr/lib/../lib -L/usr/lib/gcc/x86_64-linux-gnu/7/../../.. CMakeFiles/cmTC_97478.dir/CMakeCXXCompilerABI.cpp.o -lstdc++ -lm -lgcc_s -lgcc -lc -lgcc_s -lgcc /usr/lib/gcc/x86_64-linux-gnu/7/crtendS.o /usr/lib/gcc/x86_64-linux-gnu/7/../../../x86_64-linux-gnu/crtn.o
COLLECT_GCC_OPTIONS='-v' '-rdynamic' '-o' 'cmTC_97478' '-shared-libgcc' '-mtune=generic' '-march=x86-64'
make[1]: Leaving directory '/home/pc/libs/allegro-5.0.10/build/CMakeFiles/CMakeTmp'


Parsed CXX implicit link information from above output:
  link line regex: [^( *|.*[/\])(ld|CMAKE_LINK_STARTFILE-NOTFOUND|([^/\]+-)?ld|collect2)[^/\]*( |$)]
  ignore line: [Change Dir: /home/pc/libs/allegro-5.0.10/build/CMakeFiles/CMakeTmp]
  ignore line: []
  ignore line: [Run Build Command:"/usr/bin/make" "cmTC_97478/fast"]
  ignore line: [/usr/bin/make -f CMakeFiles/cmTC_97478.dir/build.make CMakeFiles/cmTC_97478.dir/build]
  ignore line: [make[1]: Entering directory '/home/pc/libs/allegro-5.0.10/build/CMakeFiles/CMakeTmp']
  ignore line: [Building CXX object CMakeFiles/cmTC_97478.dir/CMakeCXXCompilerABI.cpp.o]
  ignore line: [/usr/bin/c++     -o CMakeFiles/cmTC_97478.dir/CMakeCXXCompilerABI.cpp.o -c /usr/share/cmake-3.10/Modules/CMakeCXXCompilerABI.cpp]
  ignore line: [Linking CXX executable cmTC_97478]
  ignore line: [/usr/bin/cmake -E cmake_link_script CMakeFiles/cmTC_97478.dir/link.txt --verbose=1]
  ignore line: [/usr/bin/c++      -v -rdynamic CMakeFiles/cmTC_97478.dir/CMakeCXXCompilerABI.cpp.o  -o cmTC_97478 ]
  ignore line: [Using built-in specs.]
  ignore line: [COLLECT_GCC=/usr/bin/c++]
  ignore line: [COLLECT_LTO_WRAPPER=/usr/lib/gcc/x86_64-linux-gnu/7/lto-wrapper]
  ignore line: [OFFLOAD_TARGET_NAMES=nvptx-none]
  ignore line: [OFFLOAD_TARGET_DEFAULT=1]
  ignore line: [Target: x86_64-linux-gnu]
  ignore line: [Configured with: ../src/configure -v --with-pkgversion='Ubuntu 7.3.0-16ubuntu3' --with-bugurl=file:///usr/share/doc/gcc-7/README.Bugs --enable-languages=c,ada,c++,go,brig,d,fortran,objc,obj-c++ --prefix=/usr --with-gcc-major-version-only --with-as=/usr/bin/x86_64-linux-gnu-as --with-ld=/usr/bin/x86_64-linux-gnu-ld --program-suffix=-7 --program-prefix=x86_64-linux-gnu- --enable-shared --enable-linker-build-id --libexecdir=/usr/lib --without-included-gettext --enable-threads=posix --libdir=/usr/lib --enable-nls --with-sysroot=/ --enable-clocale=gnu --enable-libstdcxx-debug --enable-libstdcxx-time=yes --with-default-libstdcxx-abi=new --enable-gnu-unique-object --disable-vtable-verify --enable-libmpx --enable-plugin --enable-default-pie --with-system-zlib --with-target-system-zlib --enable-objc-gc=auto --enable-multiarch --disable-werror --with-arch-32=i686 --with-abi=m64 --with-multilib-list=m32,m64,mx32 --enable-multilib --with-tune=generic --enable-offload-targets=nvptx-none --without-cuda-driver --enable-checking=release --build=x86_64-linux-gnu --host=x86_64-linux-gnu --target=x86_64-linux-gnu]
  ignore line: [Thread model: posix]
  ignore line: [gcc version 7.3.0 (Ubuntu 7.3.0-16ubuntu3) ]
  ignore line: [COMPILER_PATH=/usr/lib/gcc/x86_64-linux-gnu/7/:/usr/lib/gcc/x86_64-linux-gnu/7/:/usr/lib/gcc/x86_64-linux-gnu/:/usr/lib/gcc/x86_64-linux-gnu/7/:/usr/lib/gcc/x86_64-linux-gnu/]
  ignore line: [LIBRARY_PATH=/usr/lib/gcc/x86_64-linux-gnu/7/:/usr/lib/gcc/x86_64-linux-gnu/7/../../../x86_64-linux-gnu/:/usr/lib/gcc/x86_64-linux-gnu/7/../../../../lib/:/lib/x86_64-linux-gnu/:/lib/../lib/:/usr/lib/x86_64-linux-gnu/:/usr/lib/../lib/:/usr/lib/gcc/x86_64-linux-gnu/7/../../../:/lib/:/usr/lib/]
  ignore line: [COLLECT_GCC_OPTIONS='-v' '-rdynamic' '-o' 'cmTC_97478' '-shared-libgcc' '-mtune=generic' '-march=x86-64']
  link line: [ /usr/lib/gcc/x86_64-linux-gnu/7/collect2 -plugin /usr/lib/gcc/x86_64-linux-gnu/7/liblto_plugin.so -plugin-opt=/usr/lib/gcc/x86_64-linux-gnu/7/lto-wrapper -plugin-opt=-fresolution=/tmp/ccO5jC4A.res -plugin-opt=-pass-through=-lgcc_s -plugin-opt=-pass-through=-lgcc -plugin-opt=-pass-through=-lc -plugin-opt=-pass-through=-lgcc_s -plugin-opt=-pass-through=-lgcc --sysroot=/ --build-id --eh-frame-hdr -m elf_x86_64 --hash-style=gnu --as-needed -export-dynamic -dynamic-linker /lib64/ld-linux-x86-64.so.2 -pie -z now -z relro -o cmTC_97478 /usr/lib/gcc/x86_64-linux-gnu/7/../../../x86_64-linux-gnu/Scrt1.o /usr/lib/gcc/x86_64-linux-gnu/7/../../../x86_64-linux-gnu/crti.o /usr/lib/gcc/x86_64-linux-gnu/7/crtbeginS.o -L/usr/lib/gcc/x86_64-linux-gnu/7 -L/usr/lib/gcc/x86_64-linux-gnu/7/../../../x86_64-linux-gnu -L/usr/lib/gcc/x86_64-linux-gnu/7/../../../../lib -L/lib/x86_64-linux-gnu -L/lib/../lib -L/usr/lib/x86_64-linux-gnu -L/usr/lib/../lib -L/usr/lib/gcc/x86_64-linux-gnu/7/../../.. CMakeFiles/cmTC_97478.dir/CMakeCXXCompilerABI.cpp.o -lstdc++ -lm -lgcc_s -lgcc -lc -lgcc_s -lgcc /usr/lib/gcc/x86_64-linux-gnu/7/crtendS.o /usr/lib/gcc/x86_64-linux-gnu/7/../../../x86_64-linux-gnu/crtn.o]
    arg [/usr/lib/gcc/x86_64-linux-gnu/7/collect2] ==> ignore
    arg [-plugin] ==> ignore
    arg [/usr/lib/gcc/x86_64-linux-gnu/7/liblto_plugin.so] ==> ignore
    arg [-plugin-opt=/usr/lib/gcc/x86_64-linux-gnu/7/lto-wrapper] ==> ignore
    arg [-plugin-opt=-fresolution=/tmp/ccO5jC4A.res] ==> ignore
    arg [-plugin-opt=-pass-through=-lgcc_s] ==> ignore
    arg [-plugin-opt=-pass-through=-lgcc] ==> ignore
    arg [-plugin-opt=-pass-through=-lc] ==> ignore
    arg [-plugin-opt=-pass-through=-lgcc_s] ==> ignore
    arg [-plugin-opt=-pass-through=-lgcc] ==> ignore
    arg [--sysroot=/] ==> ignore
    arg [--build-id] ==> ignore
    arg [--eh-frame-hdr] ==> ignore
    arg [-m] ==> ignore
    arg [elf_x86_64] ==> ignore
    arg [--hash-style=gnu] ==> ignore
    arg [--as-needed] ==> ignore
    arg [-export-dynamic] ==> ignore
    arg [-dynamic-linker] ==> ignore
    arg [/lib64/ld-linux-x86-64.so.2] ==> ignore
    arg [-pie] ==> ignore
    arg [-znow] ==> ignore
    arg [-zrelro] ==> ignore
    arg [-o] ==> ignore
    arg [cmTC_97478] ==> ignore
    arg [/usr/lib/gcc/x86_64-linux-gnu/7/../../../x86_64-linux-gnu/Scrt1.o] ==> ignore
    arg [/usr/lib/gcc/x86_64-linux-gnu/7/../../../x86_64-linux-gnu/crti.o] ==> ignore
    arg [/usr/lib/gcc/x86_64-linux-gnu/7/crtbeginS.o] ==> ignore
    arg [-L/usr/lib/gcc/x86_64-linux-gnu/7] ==> dir [/usr/lib/gcc/x86_64-linux-gnu/7]
    arg [-L/usr/lib/gcc/x86_64-linux-gnu/7/../../../x86_64-linux-gnu] ==> dir [/usr/lib/gcc/x86_64-linux-gnu/7/../../../x86_64-linux-gnu]
    arg [-L/usr/lib/gcc/x86_64-linux-gnu/7/../../../../lib] ==> dir [/usr/lib/gcc/x86_64-linux-gnu/7/../../../../lib]
    arg [-L/lib/x86_64-linux-gnu] ==> dir [/lib/x86_64-linux-gnu]
    arg [-L/lib/../lib] ==> dir [/lib/../lib]
    arg [-L/usr/lib/x86_64-linux-gnu] ==> dir [/usr/lib/x86_64-linux-gnu]
    arg [-L/usr/lib/../lib] ==> dir [/usr/lib/../lib]
    arg [-L/usr/lib/gcc/x86_64-linux-gnu/7/../../..] ==> dir [/usr/lib/gcc/x86_64-linux-gnu/7/../../..]
    arg [CMakeFiles/cmTC_97478.dir/CMakeCXXCompilerABI.cpp.o] ==> ignore
    arg [-lstdc++] ==> lib [stdc++]
    arg [-lm] ==> lib [m]
    arg [-lgcc_s] ==> lib [gcc_s]
    arg [-lgcc] ==> lib [gcc]
    arg [-lc] ==> lib [c]
    arg [-lgcc_s] ==> lib [gcc_s]
    arg [-lgcc] ==> lib [gcc]
    arg [/usr/lib/gcc/x86_64-linux-gnu/7/crtendS.o] ==> ignore
    arg [/usr/lib/gcc/x86_64-linux-gnu/7/../../../x86_64-linux-gnu/crtn.o] ==> ignore
  collapse library dir [/usr/lib/gcc/x86_64-linux-gnu/7] ==> [/usr/lib/gcc/x86_64-linux-gnu/7]
  collapse library dir [/usr/lib/gcc/x86_64-linux-gnu/7/../../../x86_64-linux-gnu] ==> [/usr/lib/x86_64-linux-gnu]
  collapse library dir [/usr/lib/gcc/x86_64-linux-gnu/7/../../../../lib] ==> [/usr/lib]
  collapse library dir [/lib/x86_64-linux-gnu] ==> [/lib/x86_64-linux-gnu]
  collapse library dir [/lib/../lib] ==> [/lib]
  collapse library dir [/usr/lib/x86_64-linux-gnu] ==> [/usr/lib/x86_64-linux-gnu]
  collapse library dir [/usr/lib/../lib] ==> [/usr/lib]
  collapse library dir [/usr/lib/gcc/x86_64-linux-gnu/7/../../..] ==> [/usr/lib]
  implicit libs: [stdc++;m;gcc_s;gcc;c;gcc_s;gcc]
  implicit dirs: [/usr/lib/gcc/x86_64-linux-gnu/7;/usr/lib/x86_64-linux-gnu;/usr/lib;/lib/x86_64-linux-gnu;/lib]
  implicit fwks: []




Detecting CXX [-std=c++1z] compiler features compiled with the following output:
Change Dir: /home/pc/libs/allegro-5.0.10/build/CMakeFiles/CMakeTmp

Run Build Command:"/usr/bin/make" "cmTC_81006/fast"
/usr/bin/make -f CMakeFiles/cmTC_81006.dir/build.make CMakeFiles/cmTC_81006.dir/build
make[1]: Entering directory '/home/pc/libs/allegro-5.0.10/build/CMakeFiles/CMakeTmp'
Building CXX object CMakeFiles/cmTC_81006.dir/feature_tests.cxx.o
/usr/bin/c++    -std=c++1z -o CMakeFiles/cmTC_81006.dir/feature_tests.cxx.o -c /home/pc/libs/allegro-5.0.10/build/CMakeFiles/feature_tests.cxx
Linking CXX executable cmTC_81006
/usr/bin/cmake -E cmake_link_script CMakeFiles/cmTC_81006.dir/link.txt --verbose=1
/usr/bin/c++       -rdynamic CMakeFiles/cmTC_81006.dir/feature_tests.cxx.o  -o cmTC_81006 
make[1]: Leaving directory '/home/pc/libs/allegro-5.0.10/build/CMakeFiles/CMakeTmp'


    Feature record: CXX_FEATURE:1cxx_aggregate_default_initializers
    Feature record: CXX_FEATURE:1cxx_alias_templates
    Feature record: CXX_FEATURE:1cxx_alignas
    Feature record: CXX_FEATURE:1cxx_alignof
    Feature record: CXX_FEATURE:1cxx_attributes
    Feature record: CXX_FEATURE:1cxx_attribute_deprecated
    Feature record: CXX_FEATURE:1cxx_auto_type
    Feature record: CXX_FEATURE:1cxx_binary_literals
    Feature record: CXX_FEATURE:1cxx_constexpr
    Feature record: CXX_FEATURE:1cxx_contextual_conversions
    Feature record: CXX_FEATURE:1cxx_decltype
    Feature record: CXX_FEATURE:1cxx_decltype_auto
    Feature record: CXX_FEATURE:1cxx_decltype_incomplete_return_types
    Feature record: CXX_FEATURE:1cxx_default_function_template_args
    Feature record: CXX_FEATURE:1cxx_defaulted_functions
    Feature record: CXX_FEATURE:1cxx_defaulted_move_initializers
    Feature record: CXX_FEATURE:1cxx_delegating_constructors
    Feature record: CXX_FEATURE:1cxx_deleted_functions
    Feature record: CXX_FEATURE:1cxx_digit_separators
    Feature record: CXX_FEATURE:1cxx_enum_forward_declarations
    Feature record: CXX_FEATURE:1cxx_explicit_conversions
    Feature record: CXX_FEATURE:1cxx_extended_friend_declarations
    Feature record: CXX_FEATURE:1cxx_extern_templates
    Feature record: CXX_FEATURE:1cxx_final
    Feature record: CXX_FEATURE:1cxx_func_identifier
    Feature record: CXX_FEATURE:1cxx_generalized_initializers
    Feature record: CXX_FEATURE:1cxx_generic_lambdas
    Feature record: CXX_FEATURE:1cxx_inheriting_constructors
    Feature record: CXX_FEATURE:1cxx_inline_namespaces
    Feature record: CXX_FEATURE:1cxx_lambdas
    Feature record: CXX_FEATURE:1cxx_lambda_init_captures
    Feature record: CXX_FEATURE:1cxx_local_type_template_args
    Feature record: CXX_FEATURE:1cxx_long_long_type
    Feature record: CXX_FEATURE:1cxx_noexcept
    Feature record: CXX_FEATURE:1cxx_nonstatic_member_init
    Feature record: CXX_FEATURE:1cxx_nullptr
    Feature record: CXX_FEATURE:1cxx_override
    Feature record: CXX_FEATURE:1cxx_range_for
    Feature record: CXX_FEATURE:1cxx_raw_string_literals
    Feature record: CXX_FEATURE:1cxx_reference_qualified_functions
    Feature record: CXX_FEATURE:1cxx_relaxed_constexpr
    Feature record: CXX_FEATURE:1cxx_return_type_deduction
    Feature record: CXX_FEATURE:1cxx_right_angle_brackets
    Feature record: CXX_FEATURE:1cxx_rvalue_references
    Feature record: CXX_FEATURE:1cxx_sizeof_member
    Feature record: CXX_FEATURE:1cxx_static_assert
    Feature record: CXX_FEATURE:1cxx_strong_enums
    Feature record: CXX_FEATURE:1cxx_template_template_parameters
    Feature record: CXX_FEATURE:1cxx_thread_local
    Feature record: CXX_FEATURE:1cxx_trailing_return_types
    Feature record: CXX_FEATURE:1cxx_unicode_literals
    Feature record: CXX_FEATURE:1cxx_uniform_initialization
    Feature record: CXX_FEATURE:1cxx_unrestricted_unions
    Feature record: CXX_FEATURE:1cxx_user_literals
    Feature record: CXX_FEATURE:1cxx_variable_templates
    Feature record: CXX_FEATURE:1cxx_variadic_macros
    Feature record: CXX_FEATURE:1cxx_variadic_templates


Detecting CXX [-std=c++14] compiler features compiled with the following output:
Change Dir: /home/pc/libs/allegro-5.0.10/build/CMakeFiles/CMakeTmp

Run Build Command:"/usr/bin/make" "cmTC_950f6/fast"
/usr/bin/make -f CMakeFiles/cmTC_950f6.dir/build.make CMakeFiles/cmTC_950f6.dir/build
make[1]: Entering directory '/home/pc/libs/allegro-5.0.10/build/CMakeFiles/CMakeTmp'
Building CXX object CMakeFiles/cmTC_950f6.dir/feature_tests.cxx.o
/usr/bin/c++    -std=c++14 -o CMakeFiles/cmTC_950f6.dir/feature_tests.cxx.o -c /home/pc/libs/allegro-5.0.10/build/CMakeFiles/feature_tests.cxx
Linking CXX executable cmTC_950f6
/usr/bin/cmake -E cmake_link_script CMakeFiles/cmTC_950f6.dir/link.txt --verbose=1
/usr/bin/c++       -rdynamic CMakeFiles/cmTC_950f6.dir/feature_tests.cxx.o  -o cmTC_950f6 
make[1]: Leaving directory '/home/pc/libs/allegro-5.0.10/build/CMakeFiles/CMakeTmp'


    Feature record: CXX_FEATURE:1cxx_aggregate_default_initializers
    Feature record: CXX_FEATURE:1cxx_alias_templates
    Feature record: CXX_FEATURE:1cxx_alignas
    Feature record: CXX_FEATURE:1cxx_alignof
    Feature record: CXX_FEATURE:1cxx_attributes
    Feature record: CXX_FEATURE:1cxx_attribute_deprecated
    Feature record: CXX_FEATURE:1cxx_auto_type
    Feature record: CXX_FEATURE:1cxx_binary_literals
    Feature record: CXX_FEATURE:1cxx_constexpr
    Feature record: CXX_FEATURE:1cxx_contextual_conversions
    Feature record: CXX_FEATURE:1cxx_decltype
    Feature record: CXX_FEATURE:1cxx_decltype_auto
    Feature record: CXX_FEATURE:1cxx_decltype_incomplete_return_types
    Feature record: CXX_FEATURE:1cxx_default_function_template_args
    Feature record: CXX_FEATURE:1cxx_defaulted_functions
    Feature record: CXX_FEATURE:1cxx_defaulted_move_initializers
    Feature record: CXX_FEATURE:1cxx_delegating_constructors
    Feature record: CXX_FEATURE:1cxx_deleted_functions
    Feature record: CXX_FEATURE:1cxx_digit_separators
    Feature record: CXX_FEATURE:1cxx_enum_forward_declarations
    Feature record: CXX_FEATURE:1cxx_explicit_conversions
    Feature record: CXX_FEATURE:1cxx_extended_friend_declarations
    Feature record: CXX_FEATURE:1cxx_extern_templates
    Feature record: CXX_FEATURE:1cxx_final
    Feature record: CXX_FEATURE:1cxx_func_identifier
    Feature record: CXX_FEATURE:1cxx_generalized_initializers
    Feature record: CXX_FEATURE:1cxx_generic_lambdas
    Feature record: CXX_FEATURE:1cxx_inheriting_constructors
    Feature record: CXX_FEATURE:1cxx_inline_namespaces
    Feature record: CXX_FEATURE:1cxx_lambdas
    Feature record: CXX_FEATURE:1cxx_lambda_init_captures
    Feature record: CXX_FEATURE:1cxx_local_type_template_args
    Feature record: CXX_FEATURE:1cxx_long_long_type
    Feature record: CXX_FEATURE:1cxx_noexcept
    Feature record: CXX_FEATURE:1cxx_nonstatic_member_init
    Feature record: CXX_FEATURE:1cxx_nullptr
    Feature record: CXX_FEATURE:1cxx_override
    Feature record: CXX_FEATURE:1cxx_range_for
    Feature record: CXX_FEATURE:1cxx_raw_string_literals
    Feature record: CXX_FEATURE:1cxx_reference_qualified_functions
    Feature record: CXX_FEATURE:1cxx_relaxed_constexpr
    Feature record: CXX_FEATURE:1cxx_return_type_deduction
    Feature record: CXX_FEATURE:1cxx_right_angle_brackets
    Feature record: CXX_FEATURE:1cxx_rvalue_references
    Feature record: CXX_FEATURE:1cxx_sizeof_member
    Feature record: CXX_FEATURE:1cxx_static_assert
    Feature record: CXX_FEATURE:1cxx_strong_enums
    Feature record: CXX_FEATURE:1cxx_template_template_parameters
    Feature record: CXX_FEATURE:1cxx_thread_local
    Feature record: CXX_FEATURE:1cxx_trailing_return_types
    Feature record: CXX_FEATURE:1cxx_unicode_literals
    Feature record: CXX_FEATURE:1cxx_uniform_initialization
    Feature record: CXX_FEATURE:1cxx_unrestricted_unions
    Feature record: CXX_FEATURE:1cxx_user_literals
    Feature record: CXX_FEATURE:1cxx_variable_templates
    Feature record: CXX_FEATURE:1cxx_variadic_macros
    Feature record: CXX_FEATURE:1cxx_variadic_templates


Detecting CXX [-std=c++11] compiler features compiled with the following output:
Change Dir: /home/pc/libs/allegro-5.0.10/build/CMakeFiles/CMakeTmp

Run Build Command:"/usr/bin/make" "cmTC_707b0/fast"
/usr/bin/make -f CMakeFiles/cmTC_707b0.dir/build.make CMakeFiles/cmTC_707b0.dir/build
make[1]: Entering directory '/home/pc/libs/allegro-5.0.10/build/CMakeFiles/CMakeTmp'
Building CXX object CMakeFiles/cmTC_707b0.dir/feature_tests.cxx.o
/usr/bin/c++    -std=c++11 -o CMakeFiles/cmTC_707b0.dir/feature_tests.cxx.o -c /home/pc/libs/allegro-5.0.10/build/CMakeFiles/feature_tests.cxx
Linking CXX executable cmTC_707b0
/usr/bin/cmake -E cmake_link_script CMakeFiles/cmTC_707b0.dir/link.txt --verbose=1
/usr/bin/c++       -rdynamic CMakeFiles/cmTC_707b0.dir/feature_tests.cxx.o  -o cmTC_707b0 
make[1]: Leaving directory '/home/pc/libs/allegro-5.0.10/build/CMakeFiles/CMakeTmp'


    Feature record: CXX_FEATURE:0cxx_aggregate_default_initializers
    Feature record: CXX_FEATURE:1cxx_alias_templates
    Feature record: CXX_FEATURE:1cxx_alignas
    Feature record: CXX_FEATURE:1cxx_alignof
    Feature record: CXX_FEATURE:1cxx_attributes
    Feature record: CXX_FEATURE:0cxx_attribute_deprecated
    Feature record: CXX_FEATURE:1cxx_auto_type
    Feature record: CXX_FEATURE:0cxx_binary_literals
    Feature record: CXX_FEATURE:1cxx_constexpr
    Feature record: CXX_FEATURE:0cxx_contextual_conversions
    Feature record: CXX_FEATURE:1cxx_decltype
    Feature record: CXX_FEATURE:0cxx_decltype_auto
    Feature record: CXX_FEATURE:1cxx_decltype_incomplete_return_types
    Feature record: CXX_FEATURE:1cxx_default_function_template_args
    Feature record: CXX_FEATURE:1cxx_defaulted_functions
    Feature record: CXX_FEATURE:1cxx_defaulted_move_initializers
    Feature record: CXX_FEATURE:1cxx_delegating_constructors
    Feature record: CXX_FEATURE:1cxx_deleted_functions
    Feature record: CXX_FEATURE:0cxx_digit_separators
    Feature record: CXX_FEATURE:1cxx_enum_forward_declarations
    Feature record: CXX_FEATURE:1cxx_explicit_conversions
    Feature record: CXX_FEATURE:1cxx_extended_friend_declarations
    Feature record: CXX_FEATURE:1cxx_extern_templates
    Feature record: CXX_FEATURE:1cxx_final
    Feature record: CXX_FEATURE:1cxx_func_identifier
    Feature record: CXX_FEATURE:1cxx_generalized_initializers
    Feature record: CXX_FEATURE:0cxx_generic_lambdas
    Feature record: CXX_FEATURE:1cxx_inheriting_constructors
    Feature record: CXX_FEATURE:1cxx_inline_namespaces
    Feature record: CXX_FEATURE:1cxx_lambdas
    Feature record: CXX_FEATURE:0cxx_lambda_init_captures
    Feature record: CXX_FEATURE:1cxx_local_type_template_args
    Feature record: CXX_FEATURE:1cxx_long_long_type
    Feature record: CXX_FEATURE:1cxx_noexcept
    Feature record: CXX_FEATURE:1cxx_nonstatic_member_init
    Feature record: CXX_FEATURE:1cxx_nullptr
    Feature record: CXX_FEATURE:1cxx_override
    Feature record: CXX_FEATURE:1cxx_range_for
    Feature record: CXX_FEATURE:1cxx_raw_string_literals
    Feature record: CXX_FEATURE:1cxx_reference_qualified_functions
    Feature record: CXX_FEATURE:0cxx_relaxed_constexpr
    Feature record: CXX_FEATURE:0cxx_return_type_deduction
    Feature record: CXX_FEATURE:1cxx_right_angle_brackets
    Feature record: CXX_FEATURE:1cxx_rvalue_references
    Feature record: CXX_FEATURE:1cxx_sizeof_member
    Feature record: CXX_FEATURE:1cxx_static_assert
    Feature record: CXX_FEATURE:1cxx_strong_enums
    Feature record: CXX_FEATURE:1cxx_template_template_parameters
    Feature record: CXX_FEATURE:1cxx_thread_local
    Feature record: CXX_FEATURE:1cxx_trailing_return_types
    Feature record: CXX_FEATURE:1cxx_unicode_literals
    Feature record: CXX_FEATURE:1cxx_uniform_initialization
    Feature record: CXX_FEATURE:1cxx_unrestricted_unions
    Feature record: CXX_FEATURE:1cxx_user_literals
    Feature record: CXX_FEATURE:0cxx_variable_templates
    Feature record: CXX_FEATURE:1cxx_variadic_macros
    Feature record: CXX_FEATURE:1cxx_variadic_templates


Detecting CXX [-std=c++98] compiler features compiled with the following output:
Change Dir: /home/pc/libs/allegro-5.0.10/build/CMakeFiles/CMakeTmp

Run Build Command:"/usr/bin/make" "cmTC_fdf76/fast"
/usr/bin/make -f CMakeFiles/cmTC_fdf76.dir/build.make CMakeFiles/cmTC_fdf76.dir/build
make[1]: Entering directory '/home/pc/libs/allegro-5.0.10/build/CMakeFiles/CMakeTmp'
Building CXX object CMakeFiles/cmTC_fdf76.dir/feature_tests.cxx.o
/usr/bin/c++    -std=c++98 -o CMakeFiles/cmTC_fdf76.dir/feature_tests.cxx.o -c /home/pc/libs/allegro-5.0.10/build/CMakeFiles/feature_tests.cxx
Linking CXX executable cmTC_fdf76
/usr/bin/cmake -E cmake_link_script CMakeFiles/cmTC_fdf76.dir/link.txt --verbose=1
/usr/bin/c++       -rdynamic CMakeFiles/cmTC_fdf76.dir/feature_tests.cxx.o  -o cmTC_fdf76 
make[1]: Leaving directory '/home/pc/libs/allegro-5.0.10/build/CMakeFiles/CMakeTmp'


    Feature record: CXX_FEATURE:0cxx_aggregate_default_initializers
    Feature record: CXX_FEATURE:0cxx_alias_templates
    Feature record: CXX_FEATURE:0cxx_alignas
    Feature record: CXX_FEATURE:0cxx_alignof
    Feature record: CXX_FEATURE:0cxx_attributes
    Feature record: CXX_FEATURE:0cxx_attribute_deprecated
    Feature record: CXX_FEATURE:0cxx_auto_type
    Feature record: CXX_FEATURE:0cxx_binary_literals
    Feature record: CXX_FEATURE:0cxx_constexpr
    Feature record: CXX_FEATURE:0cxx_contextual_conversions
    Feature record: CXX_FEATURE:0cxx_decltype
    Feature record: CXX_FEATURE:0cxx_decltype_auto
    Feature record: CXX_FEATURE:0cxx_decltype_incomplete_return_types
    Feature record: CXX_FEATURE:0cxx_default_function_template_args
    Feature record: CXX_FEATURE:0cxx_defaulted_functions
    Feature record: CXX_FEATURE:0cxx_defaulted_move_initializers
    Feature record: CXX_FEATURE:0cxx_delegating_constructors
    Feature record: CXX_FEATURE:0cxx_deleted_functions
    Feature record: CXX_FEATURE:0cxx_digit_separators
    Feature record: CXX_FEATURE:0cxx_enum_forward_declarations
    Feature record: CXX_FEATURE:0cxx_explicit_conversions
    Feature record: CXX_FEATURE:0cxx_extended_friend_declarations
    Feature record: CXX_FEATURE:0cxx_extern_templates
    Feature record: CXX_FEATURE:0cxx_final
    Feature record: CXX_FEATURE:0cxx_func_identifier
    Feature record: CXX_FEATURE:0cxx_generalized_initializers
    Feature record: CXX_FEATURE:0cxx_generic_lambdas
    Feature record: CXX_FEATURE:0cxx_inheriting_constructors
    Feature record: CXX_FEATURE:0cxx_inline_namespaces
    Feature record: CXX_FEATURE:0cxx_lambdas
    Feature record: CXX_FEATURE:0cxx_lambda_init_captures
    Feature record: CXX_FEATURE:0cxx_local_type_template_args
    Feature record: CXX_FEATURE:0cxx_long_long_type
    Feature record: CXX_FEATURE:0cxx_noexcept
    Feature record: CXX_FEATURE:0cxx_nonstatic_member_init
    Feature record: CXX_FEATURE:0cxx_nullptr
    Feature record: CXX_FEATURE:0cxx_override
    Feature record: CXX_FEATURE:0cxx_range_for
    Feature record: CXX_FEATURE:0cxx_raw_string_literals
    Feature record: CXX_FEATURE:0cxx_reference_qualified_functions
    Feature record: CXX_FEATURE:0cxx_relaxed_constexpr
    Feature record: CXX_FEATURE:0cxx_return_type_deduction
    Feature record: CXX_FEATURE:0cxx_right_angle_brackets
    Feature record: CXX_FEATURE:0cxx_rvalue_references
    Feature record: CXX_FEATURE:0cxx_sizeof_member
    Feature record: CXX_FEATURE:0cxx_static_assert
    Feature record: CXX_FEATURE:0cxx_strong_enums
    Feature record: CXX_FEATURE:1cxx_template_template_parameters
    Feature record: CXX_FEATURE:0cxx_thread_local
    Feature record: CXX_FEATURE:0cxx_trailing_return_types
    Feature record: CXX_FEATURE:0cxx_unicode_literals
    Feature record: CXX_FEATURE:0cxx_uniform_initialization
    Feature record: CXX_FEATURE:0cxx_unrestricted_unions
    Feature record: CXX_FEATURE:0cxx_user_literals
    Feature record: CXX_FEATURE:0cxx_variable_templates
    Feature record: CXX_FEATURE:0cxx_variadic_macros
    Feature record: CXX_FEATURE:0cxx_variadic_templates
Determining if the include file sys/types.h exists passed with the following output:
Change Dir: /home/pc/libs/allegro-5.0.10/build/CMakeFiles/CMakeTmp

Run Build Command:"/usr/bin/make" "cmTC_376d8/fast"
/usr/bin/make -f CMakeFiles/cmTC_376d8.dir/build.make CMakeFiles/cmTC_376d8.dir/build
make[1]: Entering directory '/home/pc/libs/allegro-5.0.10/build/CMakeFiles/CMakeTmp'
Building C object CMakeFiles/cmTC_376d8.dir/CheckIncludeFile.c.o
/usr/bin/cc   -msse -W -Wall     -o CMakeFiles/cmTC_376d8.dir/CheckIncludeFile.c.o   -c /home/pc/libs/allegro-5.0.10/build/CMakeFiles/CMakeTmp/CheckIncludeFile.c
Linking C executable cmTC_376d8
/usr/bin/cmake -E cmake_link_script CMakeFiles/cmTC_376d8.dir/link.txt --verbose=1
/usr/bin/cc  -msse -W -Wall      -rdynamic CMakeFiles/cmTC_376d8.dir/CheckIncludeFile.c.o  -o cmTC_376d8 
make[1]: Leaving directory '/home/pc/libs/allegro-5.0.10/build/CMakeFiles/CMakeTmp'


Determining if the include file stdint.h exists passed with the following output:
Change Dir: /home/pc/libs/allegro-5.0.10/build/CMakeFiles/CMakeTmp

Run Build Command:"/usr/bin/make" "cmTC_e9a79/fast"
/usr/bin/make -f CMakeFiles/cmTC_e9a79.dir/build.make CMakeFiles/cmTC_e9a79.dir/build
make[1]: Entering directory '/home/pc/libs/allegro-5.0.10/build/CMakeFiles/CMakeTmp'
Building C object CMakeFiles/cmTC_e9a79.dir/CheckIncludeFile.c.o
/usr/bin/cc   -msse -W -Wall     -o CMakeFiles/cmTC_e9a79.dir/CheckIncludeFile.c.o   -c /home/pc/libs/allegro-5.0.10/build/CMakeFiles/CMakeTmp/CheckIncludeFile.c
Linking C executable cmTC_e9a79
/usr/bin/cmake -E cmake_link_script CMakeFiles/cmTC_e9a79.dir/link.txt --verbose=1
/usr/bin/cc  -msse -W -Wall      -rdynamic CMakeFiles/cmTC_e9a79.dir/CheckIncludeFile.c.o  -o cmTC_e9a79 
make[1]: Leaving directory '/home/pc/libs/allegro-5.0.10/build/CMakeFiles/CMakeTmp'


Determining if the include file stddef.h exists passed with the following output:
Change Dir: /home/pc/libs/allegro-5.0.10/build/CMakeFiles/CMakeTmp

Run Build Command:"/usr/bin/make" "cmTC_68755/fast"
/usr/bin/make -f CMakeFiles/cmTC_68755.dir/build.make CMakeFiles/cmTC_68755.dir/build
make[1]: Entering directory '/home/pc/libs/allegro-5.0.10/build/CMakeFiles/CMakeTmp'
Building C object CMakeFiles/cmTC_68755.dir/CheckIncludeFile.c.o
/usr/bin/cc   -msse -W -Wall     -o CMakeFiles/cmTC_68755.dir/CheckIncludeFile.c.o   -c /home/pc/libs/allegro-5.0.10/build/CMakeFiles/CMakeTmp/CheckIncludeFile.c
Linking C executable cmTC_68755
/usr/bin/cmake -E cmake_link_script CMakeFiles/cmTC_68755.dir/link.txt --verbose=1
/usr/bin/cc  -msse -W -Wall      -rdynamic CMakeFiles/cmTC_68755.dir/CheckIncludeFile.c.o  -o cmTC_68755 
make[1]: Leaving directory '/home/pc/libs/allegro-5.0.10/build/CMakeFiles/CMakeTmp'


Determining size of unsigned short passed with the following output:
Change Dir: /home/pc/libs/allegro-5.0.10/build/CMakeFiles/CMakeTmp

Run Build Command:"/usr/bin/make" "cmTC_afc7c/fast"
/usr/bin/make -f CMakeFiles/cmTC_afc7c.dir/build.make CMakeFiles/cmTC_afc7c.dir/build
make[1]: Entering directory '/home/pc/libs/allegro-5.0.10/build/CMakeFiles/CMakeTmp'
Building C object CMakeFiles/cmTC_afc7c.dir/CMAKE_SIZEOF_UNSIGNED_SHORT.c.o
/usr/bin/cc   -msse -W -Wall     -o CMakeFiles/cmTC_afc7c.dir/CMAKE_SIZEOF_UNSIGNED_SHORT.c.o   -c /home/pc/libs/allegro-5.0.10/build/CMakeFiles/CheckTypeSize/CMAKE_SIZEOF_UNSIGNED_SHORT.c
Linking C executable cmTC_afc7c
/usr/bin/cmake -E cmake_link_script CMakeFiles/cmTC_afc7c.dir/link.txt --verbose=1
/usr/bin/cc  -msse -W -Wall      -rdynamic CMakeFiles/cmTC_afc7c.dir/CMAKE_SIZEOF_UNSIGNED_SHORT.c.o  -o cmTC_afc7c 
make[1]: Leaving directory '/home/pc/libs/allegro-5.0.10/build/CMakeFiles/CMakeTmp'


Determining if the system is big endian passed with the following output:
Change Dir: /home/pc/libs/allegro-5.0.10/build/CMakeFiles/CMakeTmp

Run Build Command:"/usr/bin/make" "cmTC_64372/fast"
/usr/bin/make -f CMakeFiles/cmTC_64372.dir/build.make CMakeFiles/cmTC_64372.dir/build
make[1]: Entering directory '/home/pc/libs/allegro-5.0.10/build/CMakeFiles/CMakeTmp'
Building C object CMakeFiles/cmTC_64372.dir/TestEndianess.c.o
/usr/bin/cc   -msse -W -Wall     -o CMakeFiles/cmTC_64372.dir/TestEndianess.c.o   -c /home/pc/libs/allegro-5.0.10/build/CMakeFiles/CMakeTmp/TestEndianess.c
Linking C executable cmTC_64372
/usr/bin/cmake -E cmake_link_script CMakeFiles/cmTC_64372.dir/link.txt --verbose=1
/usr/bin/cc  -msse -W -Wall      -rdynamic CMakeFiles/cmTC_64372.dir/TestEndianess.c.o  -o cmTC_64372 
make[1]: Leaving directory '/home/pc/libs/allegro-5.0.10/build/CMakeFiles/CMakeTmp'

TestEndianess.c:
/* A 16 bit integer is required. */
typedef unsigned short cmakeint16;

/* On a little endian machine, these 16bit ints will give "THIS IS LITTLE ENDIAN."
   On a big endian machine the characters will be exchanged pairwise. */
const cmakeint16 info_little[] =  {0x4854, 0x5349, 0x4920, 0x2053, 0x494c, 0x5454, 0x454c, 0x4520, 0x444e, 0x4149, 0x2e4e, 0x0000};

/* on a big endian machine, these 16bit ints will give "THIS IS BIG ENDIAN."
   On a little endian machine the characters will be exchanged pairwise. */
const cmakeint16 info_big[] =     {0x5448, 0x4953, 0x2049, 0x5320, 0x4249, 0x4720, 0x454e, 0x4449, 0x414e, 0x2e2e, 0x0000};

#ifdef __CLASSIC_C__
int main(argc, argv) int argc; char *argv[];
#else
int main(int argc, char *argv[])
#endif
{
  int require = 0;
  require += info_little[argc];
  require += info_big[argc];
  (void)argv;
  return require;
}


Determining if files dirent.h exist passed with the following output:
Change Dir: /home/pc/libs/allegro-5.0.10/build/CMakeFiles/CMakeTmp

Run Build Command:"/usr/bin/make" "cmTC_54044/fast"
/usr/bin/make -f CMakeFiles/cmTC_54044.dir/build.make CMakeFiles/cmTC_54044.dir/build
make[1]: Entering directory '/home/pc/libs/allegro-5.0.10/build/CMakeFiles/CMakeTmp'
Building C object CMakeFiles/cmTC_54044.dir/CheckIncludeFiles.c.o
/usr/bin/cc   -msse -W -Wall     -o CMakeFiles/cmTC_54044.dir/CheckIncludeFiles.c.o   -c /home/pc/libs/allegro-5.0.10/build/CMakeFiles/CMakeTmp/CheckIncludeFiles.c
Linking C executable cmTC_54044
/usr/bin/cmake -E cmake_link_script CMakeFiles/cmTC_54044.dir/link.txt --verbose=1
/usr/bin/cc  -msse -W -Wall      -rdynamic CMakeFiles/cmTC_54044.dir/CheckIncludeFiles.c.o  -o cmTC_54044 
make[1]: Leaving directory '/home/pc/libs/allegro-5.0.10/build/CMakeFiles/CMakeTmp'


Determining if files inttypes.h exist passed with the following output:
Change Dir: /home/pc/libs/allegro-5.0.10/build/CMakeFiles/CMakeTmp

Run Build Command:"/usr/bin/make" "cmTC_7cc9d/fast"
/usr/bin/make -f CMakeFiles/cmTC_7cc9d.dir/build.make CMakeFiles/cmTC_7cc9d.dir/build
make[1]: Entering directory '/home/pc/libs/allegro-5.0.10/build/CMakeFiles/CMakeTmp'
Building C object CMakeFiles/cmTC_7cc9d.dir/CheckIncludeFiles.c.o
/usr/bin/cc   -msse -W -Wall     -o CMakeFiles/cmTC_7cc9d.dir/CheckIncludeFiles.c.o   -c /home/pc/libs/allegro-5.0.10/build/CMakeFiles/CMakeTmp/CheckIncludeFiles.c
Linking C executable cmTC_7cc9d
/usr/bin/cmake -E cmake_link_script CMakeFiles/cmTC_7cc9d.dir/link.txt --verbose=1
/usr/bin/cc  -msse -W -Wall      -rdynamic CMakeFiles/cmTC_7cc9d.dir/CheckIncludeFiles.c.o  -o cmTC_7cc9d 
make[1]: Leaving directory '/home/pc/libs/allegro-5.0.10/build/CMakeFiles/CMakeTmp'


Determining if files sys/types.h;linux/joystick.h exist passed with the following output:
Change Dir: /home/pc/libs/allegro-5.0.10/build/CMakeFiles/CMakeTmp

Run Build Command:"/usr/bin/make" "cmTC_39de0/fast"
/usr/bin/make -f CMakeFiles/cmTC_39de0.dir/build.make CMakeFiles/cmTC_39de0.dir/build
make[1]: Entering directory '/home/pc/libs/allegro-5.0.10/build/CMakeFiles/CMakeTmp'
Building C object CMakeFiles/cmTC_39de0.dir/CheckIncludeFiles.c.o
/usr/bin/cc   -msse -W -Wall     -o CMakeFiles/cmTC_39de0.dir/CheckIncludeFiles.c.o   -c /home/pc/libs/allegro-5.0.10/build/CMakeFiles/CMakeTmp/CheckIncludeFiles.c
Linking C executable cmTC_39de0
/usr/bin/cmake -E cmake_link_script CMakeFiles/cmTC_39de0.dir/link.txt --verbose=1
/usr/bin/cc  -msse -W -Wall      -rdynamic CMakeFiles/cmTC_39de0.dir/CheckIncludeFiles.c.o  -o cmTC_39de0 
make[1]: Leaving directory '/home/pc/libs/allegro-5.0.10/build/CMakeFiles/CMakeTmp'


Determining if files stdbool.h exist passed with the following output:
Change Dir: /home/pc/libs/allegro-5.0.10/build/CMakeFiles/CMakeTmp

Run Build Command:"/usr/bin/make" "cmTC_2a415/fast"
/usr/bin/make -f CMakeFiles/cmTC_2a415.dir/build.make CMakeFiles/cmTC_2a415.dir/build
make[1]: Entering directory '/home/pc/libs/allegro-5.0.10/build/CMakeFiles/CMakeTmp'
Building C object CMakeFiles/cmTC_2a415.dir/CheckIncludeFiles.c.o
/usr/bin/cc   -msse -W -Wall     -o CMakeFiles/cmTC_2a415.dir/CheckIncludeFiles.c.o   -c /home/pc/libs/allegro-5.0.10/build/CMakeFiles/CMakeTmp/CheckIncludeFiles.c
Linking C executable cmTC_2a415
/usr/bin/cmake -E cmake_link_script CMakeFiles/cmTC_2a415.dir/link.txt --verbose=1
/usr/bin/cc  -msse -W -Wall      -rdynamic CMakeFiles/cmTC_2a415.dir/CheckIncludeFiles.c.o  -o cmTC_2a415 
make[1]: Leaving directory '/home/pc/libs/allegro-5.0.10/build/CMakeFiles/CMakeTmp'


Determining if files stdint.h exist passed with the following output:
Change Dir: /home/pc/libs/allegro-5.0.10/build/CMakeFiles/CMakeTmp

Run Build Command:"/usr/bin/make" "cmTC_38b51/fast"
/usr/bin/make -f CMakeFiles/cmTC_38b51.dir/build.make CMakeFiles/cmTC_38b51.dir/build
make[1]: Entering directory '/home/pc/libs/allegro-5.0.10/build/CMakeFiles/CMakeTmp'
Building C object CMakeFiles/cmTC_38b51.dir/CheckIncludeFiles.c.o
/usr/bin/cc   -msse -W -Wall     -o CMakeFiles/cmTC_38b51.dir/CheckIncludeFiles.c.o   -c /home/pc/libs/allegro-5.0.10/build/CMakeFiles/CMakeTmp/CheckIncludeFiles.c
Linking C executable cmTC_38b51
/usr/bin/cmake -E cmake_link_script CMakeFiles/cmTC_38b51.dir/link.txt --verbose=1
/usr/bin/cc  -msse -W -Wall      -rdynamic CMakeFiles/cmTC_38b51.dir/CheckIncludeFiles.c.o  -o cmTC_38b51 
make[1]: Leaving directory '/home/pc/libs/allegro-5.0.10/build/CMakeFiles/CMakeTmp'


Determining if files sys/io.h exist passed with the following output:
Change Dir: /home/pc/libs/allegro-5.0.10/build/CMakeFiles/CMakeTmp

Run Build Command:"/usr/bin/make" "cmTC_298c2/fast"
/usr/bin/make -f CMakeFiles/cmTC_298c2.dir/build.make CMakeFiles/cmTC_298c2.dir/build
make[1]: Entering directory '/home/pc/libs/allegro-5.0.10/build/CMakeFiles/CMakeTmp'
Building C object CMakeFiles/cmTC_298c2.dir/CheckIncludeFiles.c.o
/usr/bin/cc   -msse -W -Wall     -o CMakeFiles/cmTC_298c2.dir/CheckIncludeFiles.c.o   -c /home/pc/libs/allegro-5.0.10/build/CMakeFiles/CMakeTmp/CheckIncludeFiles.c
Linking C executable cmTC_298c2
/usr/bin/cmake -E cmake_link_script CMakeFiles/cmTC_298c2.dir/link.txt --verbose=1
/usr/bin/cc  -msse -W -Wall      -rdynamic CMakeFiles/cmTC_298c2.dir/CheckIncludeFiles.c.o  -o cmTC_298c2 
make[1]: Leaving directory '/home/pc/libs/allegro-5.0.10/build/CMakeFiles/CMakeTmp'


Determining if files sys/stat.h exist passed with the following output:
Change Dir: /home/pc/libs/allegro-5.0.10/build/CMakeFiles/CMakeTmp

Run Build Command:"/usr/bin/make" "cmTC_4f47c/fast"
/usr/bin/make -f CMakeFiles/cmTC_4f47c.dir/build.make CMakeFiles/cmTC_4f47c.dir/build
make[1]: Entering directory '/home/pc/libs/allegro-5.0.10/build/CMakeFiles/CMakeTmp'
Building C object CMakeFiles/cmTC_4f47c.dir/CheckIncludeFiles.c.o
/usr/bin/cc   -msse -W -Wall     -o CMakeFiles/cmTC_4f47c.dir/CheckIncludeFiles.c.o   -c /home/pc/libs/allegro-5.0.10/build/CMakeFiles/CMakeTmp/CheckIncludeFiles.c
Linking C executable cmTC_4f47c
/usr/bin/cmake -E cmake_link_script CMakeFiles/cmTC_4f47c.dir/link.txt --verbose=1
/usr/bin/cc  -msse -W -Wall      -rdynamic CMakeFiles/cmTC_4f47c.dir/CheckIncludeFiles.c.o  -o cmTC_4f47c 
make[1]: Leaving directory '/home/pc/libs/allegro-5.0.10/build/CMakeFiles/CMakeTmp'


Determining if files sys/time.h exist passed with the following output:
Change Dir: /home/pc/libs/allegro-5.0.10/build/CMakeFiles/CMakeTmp

Run Build Command:"/usr/bin/make" "cmTC_77fa4/fast"
/usr/bin/make -f CMakeFiles/cmTC_77fa4.dir/build.make CMakeFiles/cmTC_77fa4.dir/build
make[1]: Entering directory '/home/pc/libs/allegro-5.0.10/build/CMakeFiles/CMakeTmp'
Building C object CMakeFiles/cmTC_77fa4.dir/CheckIncludeFiles.c.o
/usr/bin/cc   -msse -W -Wall     -o CMakeFiles/cmTC_77fa4.dir/CheckIncludeFiles.c.o   -c /home/pc/libs/allegro-5.0.10/build/CMakeFiles/CMakeTmp/CheckIncludeFiles.c
Linking C executable cmTC_77fa4
/usr/bin/cmake -E cmake_link_script CMakeFiles/cmTC_77fa4.dir/link.txt --verbose=1
/usr/bin/cc  -msse -W -Wall      -rdynamic CMakeFiles/cmTC_77fa4.dir/CheckIncludeFiles.c.o  -o cmTC_77fa4 
make[1]: Leaving directory '/home/pc/libs/allegro-5.0.10/build/CMakeFiles/CMakeTmp'


Determining if files time.h exist passed with the following output:
Change Dir: /home/pc/libs/allegro-5.0.10/build/CMakeFiles/CMakeTmp

Run Build Command:"/usr/bin/make" "cmTC_0a903/fast"
/usr/bin/make -f CMakeFiles/cmTC_0a903.dir/build.make CMakeFiles/cmTC_0a903.dir/build
make[1]: Entering directory '/home/pc/libs/allegro-5.0.10/build/CMakeFiles/CMakeTmp'
Building C object CMakeFiles/cmTC_0a903.dir/CheckIncludeFiles.c.o
/usr/bin/cc   -msse -W -Wall     -o CMakeFiles/cmTC_0a903.dir/CheckIncludeFiles.c.o   -c /home/pc/libs/allegro-5.0.10/build/CMakeFiles/CMakeTmp/CheckIncludeFiles.c
Linking C executable cmTC_0a903
/usr/bin/cmake -E cmake_link_script CMakeFiles/cmTC_0a903.dir/link.txt --verbose=1
/usr/bin/cc  -msse -W -Wall      -rdynamic CMakeFiles/cmTC_0a903.dir/CheckIncludeFiles.c.o  -o cmTC_0a903 
make[1]: Leaving directory '/home/pc/libs/allegro-5.0.10/build/CMakeFiles/CMakeTmp'


Determining if files sys/utsname.h exist passed with the following output:
Change Dir: /home/pc/libs/allegro-5.0.10/build/CMakeFiles/CMakeTmp

Run Build Command:"/usr/bin/make" "cmTC_3f125/fast"
/usr/bin/make -f CMakeFiles/cmTC_3f125.dir/build.make CMakeFiles/cmTC_3f125.dir/build
make[1]: Entering directory '/home/pc/libs/allegro-5.0.10/build/CMakeFiles/CMakeTmp'
Building C object CMakeFiles/cmTC_3f125.dir/CheckIncludeFiles.c.o
/usr/bin/cc   -msse -W -Wall     -o CMakeFiles/cmTC_3f125.dir/CheckIncludeFiles.c.o   -c /home/pc/libs/allegro-5.0.10/build/CMakeFiles/CMakeTmp/CheckIncludeFiles.c
Linking C executable cmTC_3f125
/usr/bin/cmake -E cmake_link_script CMakeFiles/cmTC_3f125.dir/link.txt --verbose=1
/usr/bin/cc  -msse -W -Wall      -rdynamic CMakeFiles/cmTC_3f125.dir/CheckIncludeFiles.c.o  -o cmTC_3f125 
make[1]: Leaving directory '/home/pc/libs/allegro-5.0.10/build/CMakeFiles/CMakeTmp'


Determining if files sys/types.h exist passed with the following output:
Change Dir: /home/pc/libs/allegro-5.0.10/build/CMakeFiles/CMakeTmp

Run Build Command:"/usr/bin/make" "cmTC_85a2d/fast"
/usr/bin/make -f CMakeFiles/cmTC_85a2d.dir/build.make CMakeFiles/cmTC_85a2d.dir/build
make[1]: Entering directory '/home/pc/libs/allegro-5.0.10/build/CMakeFiles/CMakeTmp'
Building C object CMakeFiles/cmTC_85a2d.dir/CheckIncludeFiles.c.o
/usr/bin/cc   -msse -W -Wall     -o CMakeFiles/cmTC_85a2d.dir/CheckIncludeFiles.c.o   -c /home/pc/libs/allegro-5.0.10/build/CMakeFiles/CMakeTmp/CheckIncludeFiles.c
Linking C executable cmTC_85a2d
/usr/bin/cmake -E cmake_link_script CMakeFiles/cmTC_85a2d.dir/link.txt --verbose=1
/usr/bin/cc  -msse -W -Wall      -rdynamic CMakeFiles/cmTC_85a2d.dir/CheckIncludeFiles.c.o  -o cmTC_85a2d 
make[1]: Leaving directory '/home/pc/libs/allegro-5.0.10/build/CMakeFiles/CMakeTmp'


Determining if files sys/soundcard.h exist passed with the following output:
Change Dir: /home/pc/libs/allegro-5.0.10/build/CMakeFiles/CMakeTmp

Run Build Command:"/usr/bin/make" "cmTC_60c4a/fast"
/usr/bin/make -f CMakeFiles/cmTC_60c4a.dir/build.make CMakeFiles/cmTC_60c4a.dir/build
make[1]: Entering directory '/home/pc/libs/allegro-5.0.10/build/CMakeFiles/CMakeTmp'
Building C object CMakeFiles/cmTC_60c4a.dir/CheckIncludeFiles.c.o
/usr/bin/cc   -msse -W -Wall     -o CMakeFiles/cmTC_60c4a.dir/CheckIncludeFiles.c.o   -c /home/pc/libs/allegro-5.0.10/build/CMakeFiles/CMakeTmp/CheckIncludeFiles.c
Linking C executable cmTC_60c4a
/usr/bin/cmake -E cmake_link_script CMakeFiles/cmTC_60c4a.dir/link.txt --verbose=1
/usr/bin/cc  -msse -W -Wall      -rdynamic CMakeFiles/cmTC_60c4a.dir/CheckIncludeFiles.c.o  -o cmTC_60c4a 
make[1]: Leaving directory '/home/pc/libs/allegro-5.0.10/build/CMakeFiles/CMakeTmp'


Determining if files linux/soundcard.h exist passed with the following output:
Change Dir: /home/pc/libs/allegro-5.0.10/build/CMakeFiles/CMakeTmp

Run Build Command:"/usr/bin/make" "cmTC_addb2/fast"
/usr/bin/make -f CMakeFiles/cmTC_addb2.dir/build.make CMakeFiles/cmTC_addb2.dir/build
make[1]: Entering directory '/home/pc/libs/allegro-5.0.10/build/CMakeFiles/CMakeTmp'
Building C object CMakeFiles/cmTC_addb2.dir/CheckIncludeFiles.c.o
/usr/bin/cc   -msse -W -Wall     -o CMakeFiles/cmTC_addb2.dir/CheckIncludeFiles.c.o   -c /home/pc/libs/allegro-5.0.10/build/CMakeFiles/CMakeTmp/CheckIncludeFiles.c
Linking C executable cmTC_addb2
/usr/bin/cmake -E cmake_link_script CMakeFiles/cmTC_addb2.dir/link.txt --verbose=1
/usr/bin/cc  -msse -W -Wall      -rdynamic CMakeFiles/cmTC_addb2.dir/CheckIncludeFiles.c.o  -o cmTC_addb2 
make[1]: Leaving directory '/home/pc/libs/allegro-5.0.10/build/CMakeFiles/CMakeTmp'


Determining if files sys/inotify.h exist passed with the following output:
Change Dir: /home/pc/libs/allegro-5.0.10/build/CMakeFiles/CMakeTmp

Run Build Command:"/usr/bin/make" "cmTC_f877a/fast"
/usr/bin/make -f CMakeFiles/cmTC_f877a.dir/build.make CMakeFiles/cmTC_f877a.dir/build
make[1]: Entering directory '/home/pc/libs/allegro-5.0.10/build/CMakeFiles/CMakeTmp'
Building C object CMakeFiles/cmTC_f877a.dir/CheckIncludeFiles.c.o
/usr/bin/cc   -msse -W -Wall     -o CMakeFiles/cmTC_f877a.dir/CheckIncludeFiles.c.o   -c /home/pc/libs/allegro-5.0.10/build/CMakeFiles/CMakeTmp/CheckIncludeFiles.c
Linking C executable cmTC_f877a
/usr/bin/cmake -E cmake_link_script CMakeFiles/cmTC_f877a.dir/link.txt --verbose=1
/usr/bin/cc  -msse -W -Wall      -rdynamic CMakeFiles/cmTC_f877a.dir/CheckIncludeFiles.c.o  -o cmTC_f877a 
make[1]: Leaving directory '/home/pc/libs/allegro-5.0.10/build/CMakeFiles/CMakeTmp'


Determining if files sys/timerfd.h exist passed with the following output:
Change Dir: /home/pc/libs/allegro-5.0.10/build/CMakeFiles/CMakeTmp

Run Build Command:"/usr/bin/make" "cmTC_e3352/fast"
/usr/bin/make -f CMakeFiles/cmTC_e3352.dir/build.make CMakeFiles/cmTC_e3352.dir/build
make[1]: Entering directory '/home/pc/libs/allegro-5.0.10/build/CMakeFiles/CMakeTmp'
Building C object CMakeFiles/cmTC_e3352.dir/CheckIncludeFiles.c.o
/usr/bin/cc   -msse -W -Wall     -o CMakeFiles/cmTC_e3352.dir/CheckIncludeFiles.c.o   -c /home/pc/libs/allegro-5.0.10/build/CMakeFiles/CMakeTmp/CheckIncludeFiles.c
Linking C executable cmTC_e3352
/usr/bin/cmake -E cmake_link_script CMakeFiles/cmTC_e3352.dir/link.txt --verbose=1
/usr/bin/cc  -msse -W -Wall      -rdynamic CMakeFiles/cmTC_e3352.dir/CheckIncludeFiles.c.o  -o cmTC_e3352 
make[1]: Leaving directory '/home/pc/libs/allegro-5.0.10/build/CMakeFiles/CMakeTmp'


Determining if the function mkstemp exists passed with the following output:
Change Dir: /home/pc/libs/allegro-5.0.10/build/CMakeFiles/CMakeTmp

Run Build Command:"/usr/bin/make" "cmTC_250d7/fast"
/usr/bin/make -f CMakeFiles/cmTC_250d7.dir/build.make CMakeFiles/cmTC_250d7.dir/build
make[1]: Entering directory '/home/pc/libs/allegro-5.0.10/build/CMakeFiles/CMakeTmp'
Building C object CMakeFiles/cmTC_250d7.dir/CheckFunctionExists.c.o
/usr/bin/cc   -msse -W -Wall  -DCHECK_FUNCTION_EXISTS=mkstemp   -o CMakeFiles/cmTC_250d7.dir/CheckFunctionExists.c.o   -c /usr/share/cmake-3.10/Modules/CheckFunctionExists.c
Linking C executable cmTC_250d7
/usr/bin/cmake -E cmake_link_script CMakeFiles/cmTC_250d7.dir/link.txt --verbose=1
/usr/bin/cc  -msse -W -Wall  -DCHECK_FUNCTION_EXISTS=mkstemp    -rdynamic CMakeFiles/cmTC_250d7.dir/CheckFunctionExists.c.o  -o cmTC_250d7 
make[1]: Leaving directory '/home/pc/libs/allegro-5.0.10/build/CMakeFiles/CMakeTmp'


Determining if the function mmap exists passed with the following output:
Change Dir: /home/pc/libs/allegro-5.0.10/build/CMakeFiles/CMakeTmp

Run Build Command:"/usr/bin/make" "cmTC_c9185/fast"
/usr/bin/make -f CMakeFiles/cmTC_c9185.dir/build.make CMakeFiles/cmTC_c9185.dir/build
make[1]: Entering directory '/home/pc/libs/allegro-5.0.10/build/CMakeFiles/CMakeTmp'
Building C object CMakeFiles/cmTC_c9185.dir/CheckFunctionExists.c.o
/usr/bin/cc   -msse -W -Wall  -DCHECK_FUNCTION_EXISTS=mmap   -o CMakeFiles/cmTC_c9185.dir/CheckFunctionExists.c.o   -c /usr/share/cmake-3.10/Modules/CheckFunctionExists.c
Linking C executable cmTC_c9185
/usr/bin/cmake -E cmake_link_script CMakeFiles/cmTC_c9185.dir/link.txt --verbose=1
/usr/bin/cc  -msse -W -Wall  -DCHECK_FUNCTION_EXISTS=mmap    -rdynamic CMakeFiles/cmTC_c9185.dir/CheckFunctionExists.c.o  -o cmTC_c9185 
make[1]: Leaving directory '/home/pc/libs/allegro-5.0.10/build/CMakeFiles/CMakeTmp'


Determining if the function mprotect exists passed with the following output:
Change Dir: /home/pc/libs/allegro-5.0.10/build/CMakeFiles/CMakeTmp

Run Build Command:"/usr/bin/make" "cmTC_a589f/fast"
/usr/bin/make -f CMakeFiles/cmTC_a589f.dir/build.make CMakeFiles/cmTC_a589f.dir/build
make[1]: Entering directory '/home/pc/libs/allegro-5.0.10/build/CMakeFiles/CMakeTmp'
Building C object CMakeFiles/cmTC_a589f.dir/CheckFunctionExists.c.o
/usr/bin/cc   -msse -W -Wall  -DCHECK_FUNCTION_EXISTS=mprotect   -o CMakeFiles/cmTC_a589f.dir/CheckFunctionExists.c.o   -c /usr/share/cmake-3.10/Modules/CheckFunctionExists.c
Linking C executable cmTC_a589f
/usr/bin/cmake -E cmake_link_script CMakeFiles/cmTC_a589f.dir/link.txt --verbose=1
/usr/bin/cc  -msse -W -Wall  -DCHECK_FUNCTION_EXISTS=mprotect    -rdynamic CMakeFiles/cmTC_a589f.dir/CheckFunctionExists.c.o  -o cmTC_a589f 
make[1]: Leaving directory '/home/pc/libs/allegro-5.0.10/build/CMakeFiles/CMakeTmp'


Determining if the function sched_yield exists passed with the following output:
Change Dir: /home/pc/libs/allegro-5.0.10/build/CMakeFiles/CMakeTmp

Run Build Command:"/usr/bin/make" "cmTC_7c56c/fast"
/usr/bin/make -f CMakeFiles/cmTC_7c56c.dir/build.make CMakeFiles/cmTC_7c56c.dir/build
make[1]: Entering directory '/home/pc/libs/allegro-5.0.10/build/CMakeFiles/CMakeTmp'
Building C object CMakeFiles/cmTC_7c56c.dir/CheckFunctionExists.c.o
/usr/bin/cc   -msse -W -Wall  -DCHECK_FUNCTION_EXISTS=sched_yield   -o CMakeFiles/cmTC_7c56c.dir/CheckFunctionExists.c.o   -c /usr/share/cmake-3.10/Modules/CheckFunctionExists.c
Linking C executable cmTC_7c56c
/usr/bin/cmake -E cmake_link_script CMakeFiles/cmTC_7c56c.dir/link.txt --verbose=1
/usr/bin/cc  -msse -W -Wall  -DCHECK_FUNCTION_EXISTS=sched_yield    -rdynamic CMakeFiles/cmTC_7c56c.dir/CheckFunctionExists.c.o  -o cmTC_7c56c 
make[1]: Leaving directory '/home/pc/libs/allegro-5.0.10/build/CMakeFiles/CMakeTmp'


Determining if the function sysconf exists passed with the following output:
Change Dir: /home/pc/libs/allegro-5.0.10/build/CMakeFiles/CMakeTmp

Run Build Command:"/usr/bin/make" "cmTC_9c6b7/fast"
/usr/bin/make -f CMakeFiles/cmTC_9c6b7.dir/build.make CMakeFiles/cmTC_9c6b7.dir/build
make[1]: Entering directory '/home/pc/libs/allegro-5.0.10/build/CMakeFiles/CMakeTmp'
Building C object CMakeFiles/cmTC_9c6b7.dir/CheckFunctionExists.c.o
/usr/bin/cc   -msse -W -Wall  -DCHECK_FUNCTION_EXISTS=sysconf   -o CMakeFiles/cmTC_9c6b7.dir/CheckFunctionExists.c.o   -c /usr/share/cmake-3.10/Modules/CheckFunctionExists.c
Linking C executable cmTC_9c6b7
/usr/bin/cmake -E cmake_link_script CMakeFiles/cmTC_9c6b7.dir/link.txt --verbose=1
/usr/bin/cc  -msse -W -Wall  -DCHECK_FUNCTION_EXISTS=sysconf    -rdynamic CMakeFiles/cmTC_9c6b7.dir/CheckFunctionExists.c.o  -o cmTC_9c6b7 
make[1]: Leaving directory '/home/pc/libs/allegro-5.0.10/build/CMakeFiles/CMakeTmp'


Determining if the function fseeko exists passed with the following output:
Change Dir: /home/pc/libs/allegro-5.0.10/build/CMakeFiles/CMakeTmp

Run Build Command:"/usr/bin/make" "cmTC_ecbca/fast"
/usr/bin/make -f CMakeFiles/cmTC_ecbca.dir/build.make CMakeFiles/cmTC_ecbca.dir/build
make[1]: Entering directory '/home/pc/libs/allegro-5.0.10/build/CMakeFiles/CMakeTmp'
Building C object CMakeFiles/cmTC_ecbca.dir/CheckFunctionExists.c.o
/usr/bin/cc   -msse -W -Wall  -DCHECK_FUNCTION_EXISTS=fseeko   -o CMakeFiles/cmTC_ecbca.dir/CheckFunctionExists.c.o   -c /usr/share/cmake-3.10/Modules/CheckFunctionExists.c
Linking C executable cmTC_ecbca
/usr/bin/cmake -E cmake_link_script CMakeFiles/cmTC_ecbca.dir/link.txt --verbose=1
/usr/bin/cc  -msse -W -Wall  -DCHECK_FUNCTION_EXISTS=fseeko    -rdynamic CMakeFiles/cmTC_ecbca.dir/CheckFunctionExists.c.o  -o cmTC_ecbca 
make[1]: Leaving directory '/home/pc/libs/allegro-5.0.10/build/CMakeFiles/CMakeTmp'


Determining if the function ftello exists passed with the following output:
Change Dir: /home/pc/libs/allegro-5.0.10/build/CMakeFiles/CMakeTmp

Run Build Command:"/usr/bin/make" "cmTC_f6489/fast"
/usr/bin/make -f CMakeFiles/cmTC_f6489.dir/build.make CMakeFiles/cmTC_f6489.dir/build
make[1]: Entering directory '/home/pc/libs/allegro-5.0.10/build/CMakeFiles/CMakeTmp'
Building C object CMakeFiles/cmTC_f6489.dir/CheckFunctionExists.c.o
/usr/bin/cc   -msse -W -Wall  -DCHECK_FUNCTION_EXISTS=ftello   -o CMakeFiles/cmTC_f6489.dir/CheckFunctionExists.c.o   -c /usr/share/cmake-3.10/Modules/CheckFunctionExists.c
Linking C executable cmTC_f6489
/usr/bin/cmake -E cmake_link_script CMakeFiles/cmTC_f6489.dir/link.txt --verbose=1
/usr/bin/cc  -msse -W -Wall  -DCHECK_FUNCTION_EXISTS=ftello    -rdynamic CMakeFiles/cmTC_f6489.dir/CheckFunctionExists.c.o  -o cmTC_f6489 
make[1]: Leaving directory '/home/pc/libs/allegro-5.0.10/build/CMakeFiles/CMakeTmp'


Determining size of _Bool passed with the following output:
Change Dir: /home/pc/libs/allegro-5.0.10/build/CMakeFiles/CMakeTmp

Run Build Command:"/usr/bin/make" "cmTC_5785c/fast"
/usr/bin/make -f CMakeFiles/cmTC_5785c.dir/build.make CMakeFiles/cmTC_5785c.dir/build
make[1]: Entering directory '/home/pc/libs/allegro-5.0.10/build/CMakeFiles/CMakeTmp'
Building C object CMakeFiles/cmTC_5785c.dir/ALLEGRO_HAVE__BOOL.c.o
/usr/bin/cc   -msse -W -Wall     -o CMakeFiles/cmTC_5785c.dir/ALLEGRO_HAVE__BOOL.c.o   -c /home/pc/libs/allegro-5.0.10/build/CMakeFiles/CheckTypeSize/ALLEGRO_HAVE__BOOL.c
Linking C executable cmTC_5785c
/usr/bin/cmake -E cmake_link_script CMakeFiles/cmTC_5785c.dir/link.txt --verbose=1
/usr/bin/cc  -msse -W -Wall      -rdynamic CMakeFiles/cmTC_5785c.dir/ALLEGRO_HAVE__BOOL.c.o  -o cmTC_5785c 
make[1]: Leaving directory '/home/pc/libs/allegro-5.0.10/build/CMakeFiles/CMakeTmp'


Performing C SOURCE FILE Test ALLEGRO_HAVE_VA_COPY succeeded with the following output:
Change Dir: /home/pc/libs/allegro-5.0.10/build/CMakeFiles/CMakeTmp

Run Build Command:"/usr/bin/make" "cmTC_86632/fast"
/usr/bin/make -f CMakeFiles/cmTC_86632.dir/build.make CMakeFiles/cmTC_86632.dir/build
make[1]: Entering directory '/home/pc/libs/allegro-5.0.10/build/CMakeFiles/CMakeTmp'
Building C object CMakeFiles/cmTC_86632.dir/src.c.o
/usr/bin/cc   -msse -W -Wall  -DALLEGRO_HAVE_VA_COPY   -o CMakeFiles/cmTC_86632.dir/src.c.o   -c /home/pc/libs/allegro-5.0.10/build/CMakeFiles/CMakeTmp/src.c
Linking C executable cmTC_86632
/usr/bin/cmake -E cmake_link_script CMakeFiles/cmTC_86632.dir/link.txt --verbose=1
/usr/bin/cc  -msse -W -Wall  -DALLEGRO_HAVE_VA_COPY    -rdynamic CMakeFiles/cmTC_86632.dir/src.c.o  -o cmTC_86632 
make[1]: Leaving directory '/home/pc/libs/allegro-5.0.10/build/CMakeFiles/CMakeTmp'

Source file was:

    #include <stdarg.h>
    int main(void) {
        va_list a, b;
        va_copy(a, b);
        return 0;
    }
Determining if the include file pthread.h exists passed with the following output:
Change Dir: /home/pc/libs/allegro-5.0.10/build/CMakeFiles/CMakeTmp

Run Build Command:"/usr/bin/make" "cmTC_e5296/fast"
/usr/bin/make -f CMakeFiles/cmTC_e5296.dir/build.make CMakeFiles/cmTC_e5296.dir/build
make[1]: Entering directory '/home/pc/libs/allegro-5.0.10/build/CMakeFiles/CMakeTmp'
Building C object CMakeFiles/cmTC_e5296.dir/CheckIncludeFile.c.o
/usr/bin/cc   -msse -W -Wall     -o CMakeFiles/cmTC_e5296.dir/CheckIncludeFile.c.o   -c /home/pc/libs/allegro-5.0.10/build/CMakeFiles/CMakeTmp/CheckIncludeFile.c
Linking C executable cmTC_e5296
/usr/bin/cmake -E cmake_link_script CMakeFiles/cmTC_e5296.dir/link.txt --verbose=1
/usr/bin/cc  -msse -W -Wall      -rdynamic CMakeFiles/cmTC_e5296.dir/CheckIncludeFile.c.o  -o cmTC_e5296 
make[1]: Leaving directory '/home/pc/libs/allegro-5.0.10/build/CMakeFiles/CMakeTmp'


Determining if the function pthread_create exists in the pthread passed with the following output:
Change Dir: /home/pc/libs/allegro-5.0.10/build/CMakeFiles/CMakeTmp

Run Build Command:"/usr/bin/make" "cmTC_125f6/fast"
/usr/bin/make -f CMakeFiles/cmTC_125f6.dir/build.make CMakeFiles/cmTC_125f6.dir/build
make[1]: Entering directory '/home/pc/libs/allegro-5.0.10/build/CMakeFiles/CMakeTmp'
Building C object CMakeFiles/cmTC_125f6.dir/CheckFunctionExists.c.o
/usr/bin/cc   -msse -W -Wall  -DCHECK_FUNCTION_EXISTS=pthread_create   -o CMakeFiles/cmTC_125f6.dir/CheckFunctionExists.c.o   -c /usr/share/cmake-3.10/Modules/CheckFunctionExists.c
Linking C executable cmTC_125f6
/usr/bin/cmake -E cmake_link_script CMakeFiles/cmTC_125f6.dir/link.txt --verbose=1
/usr/bin/cc  -msse -W -Wall  -DCHECK_FUNCTION_EXISTS=pthread_create    -rdynamic CMakeFiles/cmTC_125f6.dir/CheckFunctionExists.c.o  -o cmTC_125f6 -lpthread 
make[1]: Leaving directory '/home/pc/libs/allegro-5.0.10/build/CMakeFiles/CMakeTmp'


Determining if the function XOpenDisplay exists in the /usr/lib/x86_64-linux-gnu/libX11.so;/usr/lib/x86_64-linux-gnu/libXext.so passed with the following output:
Change Dir: /home/pc/libs/allegro-5.0.10/build/CMakeFiles/CMakeTmp

Run Build Command:"/usr/bin/make" "cmTC_90433/fast"
/usr/bin/make -f CMakeFiles/cmTC_90433.dir/build.make CMakeFiles/cmTC_90433.dir/build
make[1]: Entering directory '/home/pc/libs/allegro-5.0.10/build/CMakeFiles/CMakeTmp'
Building C object CMakeFiles/cmTC_90433.dir/CheckFunctionExists.c.o
/usr/bin/cc   -msse -W -Wall  -DCHECK_FUNCTION_EXISTS=XOpenDisplay   -o CMakeFiles/cmTC_90433.dir/CheckFunctionExists.c.o   -c /usr/share/cmake-3.10/Modules/CheckFunctionExists.c
Linking C executable cmTC_90433
/usr/bin/cmake -E cmake_link_script CMakeFiles/cmTC_90433.dir/link.txt --verbose=1
/usr/bin/cc  -msse -W -Wall  -DCHECK_FUNCTION_EXISTS=XOpenDisplay    -rdynamic CMakeFiles/cmTC_90433.dir/CheckFunctionExists.c.o  -o cmTC_90433 /usr/lib/x86_64-linux-gnu/libX11.so /usr/lib/x86_64-linux-gnu/libXext.so 
make[1]: Leaving directory '/home/pc/libs/allegro-5.0.10/build/CMakeFiles/CMakeTmp'


Determining if the function gethostbyname exists passed with the following output:
Change Dir: /home/pc/libs/allegro-5.0.10/build/CMakeFiles/CMakeTmp

Run Build Command:"/usr/bin/make" "cmTC_88176/fast"
/usr/bin/make -f CMakeFiles/cmTC_88176.dir/build.make CMakeFiles/cmTC_88176.dir/build
make[1]: Entering directory '/home/pc/libs/allegro-5.0.10/build/CMakeFiles/CMakeTmp'
Building C object CMakeFiles/cmTC_88176.dir/CheckFunctionExists.c.o
/usr/bin/cc   -msse -W -Wall  -DCHECK_FUNCTION_EXISTS=gethostbyname   -o CMakeFiles/cmTC_88176.dir/CheckFunctionExists.c.o   -c /usr/share/cmake-3.10/Modules/CheckFunctionExists.c
Linking C executable cmTC_88176
/usr/bin/cmake -E cmake_link_script CMakeFiles/cmTC_88176.dir/link.txt --verbose=1
/usr/bin/cc  -msse -W -Wall  -DCHECK_FUNCTION_EXISTS=gethostbyname    -rdynamic CMakeFiles/cmTC_88176.dir/CheckFunctionExists.c.o  -o cmTC_88176 
make[1]: Leaving directory '/home/pc/libs/allegro-5.0.10/build/CMakeFiles/CMakeTmp'


Determining if the function connect exists passed with the following output:
Change Dir: /home/pc/libs/allegro-5.0.10/build/CMakeFiles/CMakeTmp

Run Build Command:"/usr/bin/make" "cmTC_8e292/fast"
/usr/bin/make -f CMakeFiles/cmTC_8e292.dir/build.make CMakeFiles/cmTC_8e292.dir/build
make[1]: Entering directory '/home/pc/libs/allegro-5.0.10/build/CMakeFiles/CMakeTmp'
Building C object CMakeFiles/cmTC_8e292.dir/CheckFunctionExists.c.o
/usr/bin/cc   -msse -W -Wall  -DCHECK_FUNCTION_EXISTS=connect   -o CMakeFiles/cmTC_8e292.dir/CheckFunctionExists.c.o   -c /usr/share/cmake-3.10/Modules/CheckFunctionExists.c
Linking C executable cmTC_8e292
/usr/bin/cmake -E cmake_link_script CMakeFiles/cmTC_8e292.dir/link.txt --verbose=1
/usr/bin/cc  -msse -W -Wall  -DCHECK_FUNCTION_EXISTS=connect    -rdynamic CMakeFiles/cmTC_8e292.dir/CheckFunctionExists.c.o  -o cmTC_8e292 
make[1]: Leaving directory '/home/pc/libs/allegro-5.0.10/build/CMakeFiles/CMakeTmp'


Determining if the function remove exists passed with the following output:
Change Dir: /home/pc/libs/allegro-5.0.10/build/CMakeFiles/CMakeTmp

Run Build Command:"/usr/bin/make" "cmTC_006ec/fast"
/usr/bin/make -f CMakeFiles/cmTC_006ec.dir/build.make CMakeFiles/cmTC_006ec.dir/build
make[1]: Entering directory '/home/pc/libs/allegro-5.0.10/build/CMakeFiles/CMakeTmp'
Building C object CMakeFiles/cmTC_006ec.dir/CheckFunctionExists.c.o
/usr/bin/cc   -msse -W -Wall  -DCHECK_FUNCTION_EXISTS=remove   -o CMakeFiles/cmTC_006ec.dir/CheckFunctionExists.c.o   -c /usr/share/cmake-3.10/Modules/CheckFunctionExists.c
Linking C executable cmTC_006ec
/usr/bin/cmake -E cmake_link_script CMakeFiles/cmTC_006ec.dir/link.txt --verbose=1
/usr/bin/cc  -msse -W -Wall  -DCHECK_FUNCTION_EXISTS=remove    -rdynamic CMakeFiles/cmTC_006ec.dir/CheckFunctionExists.c.o  -o cmTC_006ec 
make[1]: Leaving directory '/home/pc/libs/allegro-5.0.10/build/CMakeFiles/CMakeTmp'


Determining if the function shmat exists passed with the following output:
Change Dir: /home/pc/libs/allegro-5.0.10/build/CMakeFiles/CMakeTmp

Run Build Command:"/usr/bin/make" "cmTC_c4493/fast"
/usr/bin/make -f CMakeFiles/cmTC_c4493.dir/build.make CMakeFiles/cmTC_c4493.dir/build
make[1]: Entering directory '/home/pc/libs/allegro-5.0.10/build/CMakeFiles/CMakeTmp'
Building C object CMakeFiles/cmTC_c4493.dir/CheckFunctionExists.c.o
/usr/bin/cc   -msse -W -Wall  -DCHECK_FUNCTION_EXISTS=shmat   -o CMakeFiles/cmTC_c4493.dir/CheckFunctionExists.c.o   -c /usr/share/cmake-3.10/Modules/CheckFunctionExists.c
Linking C executable cmTC_c4493
/usr/bin/cmake -E cmake_link_script CMakeFiles/cmTC_c4493.dir/link.txt --verbose=1
/usr/bin/cc  -msse -W -Wall  -DCHECK_FUNCTION_EXISTS=shmat    -rdynamic CMakeFiles/cmTC_c4493.dir/CheckFunctionExists.c.o  -o cmTC_c4493 
make[1]: Leaving directory '/home/pc/libs/allegro-5.0.10/build/CMakeFiles/CMakeTmp'


Determining if the function IceConnectionNumber exists in the ICE passed with the following output:
Change Dir: /home/pc/libs/allegro-5.0.10/build/CMakeFiles/CMakeTmp

Run Build Command:"/usr/bin/make" "cmTC_9439b/fast"
/usr/bin/make -f CMakeFiles/cmTC_9439b.dir/build.make CMakeFiles/cmTC_9439b.dir/build
make[1]: Entering directory '/home/pc/libs/allegro-5.0.10/build/CMakeFiles/CMakeTmp'
Building C object CMakeFiles/cmTC_9439b.dir/CheckFunctionExists.c.o
/usr/bin/cc   -msse -W -Wall  -DCHECK_FUNCTION_EXISTS=IceConnectionNumber   -o CMakeFiles/cmTC_9439b.dir/CheckFunctionExists.c.o   -c /usr/share/cmake-3.10/Modules/CheckFunctionExists.c
Linking C executable cmTC_9439b
/usr/bin/cmake -E cmake_link_script CMakeFiles/cmTC_9439b.dir/link.txt --verbose=1
/usr/bin/cc  -msse -W -Wall  -DCHECK_FUNCTION_EXISTS=IceConnectionNumber    -rdynamic CMakeFiles/cmTC_9439b.dir/CheckFunctionExists.c.o  -o cmTC_9439b -lICE 
make[1]: Leaving directory '/home/pc/libs/allegro-5.0.10/build/CMakeFiles/CMakeTmp'


Determining if the function XcursorImageCreate exists in the Xcursor passed with the following output:
Change Dir: /home/pc/libs/allegro-5.0.10/build/CMakeFiles/CMakeTmp

Run Build Command:"/usr/bin/make" "cmTC_2eac3/fast"
/usr/bin/make -f CMakeFiles/cmTC_2eac3.dir/build.make CMakeFiles/cmTC_2eac3.dir/build
make[1]: Entering directory '/home/pc/libs/allegro-5.0.10/build/CMakeFiles/CMakeTmp'
Building C object CMakeFiles/cmTC_2eac3.dir/CheckFunctionExists.c.o
/usr/bin/cc   -msse -W -Wall  -DCHECK_FUNCTION_EXISTS=XcursorImageCreate   -o CMakeFiles/cmTC_2eac3.dir/CheckFunctionExists.c.o   -c /usr/share/cmake-3.10/Modules/CheckFunctionExists.c
Linking C executable cmTC_2eac3
/usr/bin/cmake -E cmake_link_script CMakeFiles/cmTC_2eac3.dir/link.txt --verbose=1
/usr/bin/cc  -msse -W -Wall  -DCHECK_FUNCTION_EXISTS=XcursorImageCreate    -rdynamic CMakeFiles/cmTC_2eac3.dir/CheckFunctionExists.c.o  -o cmTC_2eac3 -lXcursor /usr/lib/x86_64-linux-gnu/libSM.so /usr/lib/x86_64-linux-gnu/libICE.so /usr/lib/x86_64-linux-gnu/libX11.so /usr/lib/x86_64-linux-gnu/libXext.so 
make[1]: Leaving directory '/home/pc/libs/allegro-5.0.10/build/CMakeFiles/CMakeTmp'


Determining if the function XF86VidModeQueryExtension exists in the Xxf86vm passed with the following output:
Change Dir: /home/pc/libs/allegro-5.0.10/build/CMakeFiles/CMakeTmp

Run Build Command:"/usr/bin/make" "cmTC_bdea7/fast"
/usr/bin/make -f CMakeFiles/cmTC_bdea7.dir/build.make CMakeFiles/cmTC_bdea7.dir/build
make[1]: Entering directory '/home/pc/libs/allegro-5.0.10/build/CMakeFiles/CMakeTmp'
Building C object CMakeFiles/cmTC_bdea7.dir/CheckFunctionExists.c.o
/usr/bin/cc   -msse -W -Wall  -DCHECK_FUNCTION_EXISTS=XF86VidModeQueryExtension   -o CMakeFiles/cmTC_bdea7.dir/CheckFunctionExists.c.o   -c /usr/share/cmake-3.10/Modules/CheckFunctionExists.c
Linking C executable cmTC_bdea7
/usr/bin/cmake -E cmake_link_script CMakeFiles/cmTC_bdea7.dir/link.txt --verbose=1
/usr/bin/cc  -msse -W -Wall  -DCHECK_FUNCTION_EXISTS=XF86VidModeQueryExtension    -rdynamic CMakeFiles/cmTC_bdea7.dir/CheckFunctionExists.c.o  -o cmTC_bdea7 -lXxf86vm /usr/lib/x86_64-linux-gnu/libSM.so /usr/lib/x86_64-linux-gnu/libICE.so /usr/lib/x86_64-linux-gnu/libX11.so /usr/lib/x86_64-linux-gnu/libXext.so 
make[1]: Leaving directory '/home/pc/libs/allegro-5.0.10/build/CMakeFiles/CMakeTmp'


Determining if the include file X11/extensions/Xinerama.h exists passed with the following output:
Change Dir: /home/pc/libs/allegro-5.0.10/build/CMakeFiles/CMakeTmp

Run Build Command:"/usr/bin/make" "cmTC_6e392/fast"
/usr/bin/make -f CMakeFiles/cmTC_6e392.dir/build.make CMakeFiles/cmTC_6e392.dir/build
make[1]: Entering directory '/home/pc/libs/allegro-5.0.10/build/CMakeFiles/CMakeTmp'
Building C object CMakeFiles/cmTC_6e392.dir/CheckIncludeFile.c.o
/usr/bin/cc   -msse -W -Wall     -o CMakeFiles/cmTC_6e392.dir/CheckIncludeFile.c.o   -c /home/pc/libs/allegro-5.0.10/build/CMakeFiles/CMakeTmp/CheckIncludeFile.c
Linking C executable cmTC_6e392
/usr/bin/cmake -E cmake_link_script CMakeFiles/cmTC_6e392.dir/link.txt --verbose=1
/usr/bin/cc  -msse -W -Wall      -rdynamic CMakeFiles/cmTC_6e392.dir/CheckIncludeFile.c.o  -o cmTC_6e392 
make[1]: Leaving directory '/home/pc/libs/allegro-5.0.10/build/CMakeFiles/CMakeTmp'


Determining if the function XineramaQueryExtension exists in the Xinerama passed with the following output:
Change Dir: /home/pc/libs/allegro-5.0.10/build/CMakeFiles/CMakeTmp

Run Build Command:"/usr/bin/make" "cmTC_81b4d/fast"
/usr/bin/make -f CMakeFiles/cmTC_81b4d.dir/build.make CMakeFiles/cmTC_81b4d.dir/build
make[1]: Entering directory '/home/pc/libs/allegro-5.0.10/build/CMakeFiles/CMakeTmp'
Building C object CMakeFiles/cmTC_81b4d.dir/CheckFunctionExists.c.o
/usr/bin/cc   -msse -W -Wall  -DCHECK_FUNCTION_EXISTS=XineramaQueryExtension   -o CMakeFiles/cmTC_81b4d.dir/CheckFunctionExists.c.o   -c /usr/share/cmake-3.10/Modules/CheckFunctionExists.c
Linking C executable cmTC_81b4d
/usr/bin/cmake -E cmake_link_script CMakeFiles/cmTC_81b4d.dir/link.txt --verbose=1
/usr/bin/cc  -msse -W -Wall  -DCHECK_FUNCTION_EXISTS=XineramaQueryExtension    -rdynamic CMakeFiles/cmTC_81b4d.dir/CheckFunctionExists.c.o  -o cmTC_81b4d -lXinerama /usr/lib/x86_64-linux-gnu/libSM.so /usr/lib/x86_64-linux-gnu/libICE.so /usr/lib/x86_64-linux-gnu/libX11.so /usr/lib/x86_64-linux-gnu/libXext.so 
make[1]: Leaving directory '/home/pc/libs/allegro-5.0.10/build/CMakeFiles/CMakeTmp'


Determining if the include file X11/extensions/Xrandr.h exists passed with the following output:
Change Dir: /home/pc/libs/allegro-5.0.10/build/CMakeFiles/CMakeTmp

Run Build Command:"/usr/bin/make" "cmTC_9afea/fast"
/usr/bin/make -f CMakeFiles/cmTC_9afea.dir/build.make CMakeFiles/cmTC_9afea.dir/build
make[1]: Entering directory '/home/pc/libs/allegro-5.0.10/build/CMakeFiles/CMakeTmp'
Building C object CMakeFiles/cmTC_9afea.dir/CheckIncludeFile.c.o
/usr/bin/cc   -msse -W -Wall     -o CMakeFiles/cmTC_9afea.dir/CheckIncludeFile.c.o   -c /home/pc/libs/allegro-5.0.10/build/CMakeFiles/CMakeTmp/CheckIncludeFile.c
Linking C executable cmTC_9afea
/usr/bin/cmake -E cmake_link_script CMakeFiles/cmTC_9afea.dir/link.txt --verbose=1
/usr/bin/cc  -msse -W -Wall      -rdynamic CMakeFiles/cmTC_9afea.dir/CheckIncludeFile.c.o  -o cmTC_9afea 
make[1]: Leaving directory '/home/pc/libs/allegro-5.0.10/build/CMakeFiles/CMakeTmp'


Determining if the function XRRQueryExtension exists in the Xrandr passed with the following output:
Change Dir: /home/pc/libs/allegro-5.0.10/build/CMakeFiles/CMakeTmp

Run Build Command:"/usr/bin/make" "cmTC_3180b/fast"
/usr/bin/make -f CMakeFiles/cmTC_3180b.dir/build.make CMakeFiles/cmTC_3180b.dir/build
make[1]: Entering directory '/home/pc/libs/allegro-5.0.10/build/CMakeFiles/CMakeTmp'
Building C object CMakeFiles/cmTC_3180b.dir/CheckFunctionExists.c.o
/usr/bin/cc   -msse -W -Wall  -DCHECK_FUNCTION_EXISTS=XRRQueryExtension   -o CMakeFiles/cmTC_3180b.dir/CheckFunctionExists.c.o   -c /usr/share/cmake-3.10/Modules/CheckFunctionExists.c
Linking C executable cmTC_3180b
/usr/bin/cmake -E cmake_link_script CMakeFiles/cmTC_3180b.dir/link.txt --verbose=1
/usr/bin/cc  -msse -W -Wall  -DCHECK_FUNCTION_EXISTS=XRRQueryExtension    -rdynamic CMakeFiles/cmTC_3180b.dir/CheckFunctionExists.c.o  -o cmTC_3180b -lXrandr /usr/lib/x86_64-linux-gnu/libSM.so /usr/lib/x86_64-linux-gnu/libICE.so /usr/lib/x86_64-linux-gnu/libX11.so /usr/lib/x86_64-linux-gnu/libXext.so 
make[1]: Leaving directory '/home/pc/libs/allegro-5.0.10/build/CMakeFiles/CMakeTmp'


Determining if the function XOpenIM exists in the X11 passed with the following output:
Change Dir: /home/pc/libs/allegro-5.0.10/build/CMakeFiles/CMakeTmp

Run Build Command:"/usr/bin/make" "cmTC_01459/fast"
/usr/bin/make -f CMakeFiles/cmTC_01459.dir/build.make CMakeFiles/cmTC_01459.dir/build
make[1]: Entering directory '/home/pc/libs/allegro-5.0.10/build/CMakeFiles/CMakeTmp'
Building C object CMakeFiles/cmTC_01459.dir/CheckFunctionExists.c.o
/usr/bin/cc   -msse -W -Wall  -DCHECK_FUNCTION_EXISTS=XOpenIM   -o CMakeFiles/cmTC_01459.dir/CheckFunctionExists.c.o   -c /usr/share/cmake-3.10/Modules/CheckFunctionExists.c
Linking C executable cmTC_01459
/usr/bin/cmake -E cmake_link_script CMakeFiles/cmTC_01459.dir/link.txt --verbose=1
/usr/bin/cc  -msse -W -Wall  -DCHECK_FUNCTION_EXISTS=XOpenIM    -rdynamic CMakeFiles/cmTC_01459.dir/CheckFunctionExists.c.o  -o cmTC_01459 -lX11 /usr/lib/x86_64-linux-gnu/libSM.so /usr/lib/x86_64-linux-gnu/libICE.so /usr/lib/x86_64-linux-gnu/libX11.so /usr/lib/x86_64-linux-gnu/libXext.so 
make[1]: Leaving directory '/home/pc/libs/allegro-5.0.10/build/CMakeFiles/CMakeTmp'


Performing C SOURCE FILE Test OSS_COMPILES succeeded with the following output:
Change Dir: /home/pc/libs/allegro-5.0.10/build/CMakeFiles/CMakeTmp

Run Build Command:"/usr/bin/make" "cmTC_0edf7/fast"
/usr/bin/make -f CMakeFiles/cmTC_0edf7.dir/build.make CMakeFiles/cmTC_0edf7.dir/build
make[1]: Entering directory '/home/pc/libs/allegro-5.0.10/build/CMakeFiles/CMakeTmp'
Building C object CMakeFiles/cmTC_0edf7.dir/src.c.o
/usr/bin/cc -DALLEGRO_HAVE_LINUX_SOUNDCARD_H -DALLEGRO_HAVE_SYS_SOUNDCARD_H  -msse -W -Wall  -DOSS_COMPILES   -o CMakeFiles/cmTC_0edf7.dir/src.c.o   -c /home/pc/libs/allegro-5.0.10/build/CMakeFiles/CMakeTmp/src.c
/home/pc/libs/allegro-5.0.10/build/CMakeFiles/CMakeTmp/src.c: In function main:
/home/pc/libs/allegro-5.0.10/build/CMakeFiles/CMakeTmp/src.c:15:28: warning: unused variable abi [-Wunused-variable]
             audio_buf_info abi;
                            ^~~
Linking C executable cmTC_0edf7
/usr/bin/cmake -E cmake_link_script CMakeFiles/cmTC_0edf7.dir/link.txt --verbose=1
/usr/bin/cc  -msse -W -Wall  -DOSS_COMPILES    -rdynamic CMakeFiles/cmTC_0edf7.dir/src.c.o  -o cmTC_0edf7 
make[1]: Leaving directory '/home/pc/libs/allegro-5.0.10/build/CMakeFiles/CMakeTmp'

Source file was:

        #ifdef ALLEGRO_HAVE_SOUNDCARD_H
        #include <soundcard.h>
        #endif
        #ifdef ALLEGRO_HAVE_SYS_SOUNDCARD_H
        #include <sys/soundcard.h>
        #endif
        #ifdef ALLEGRO_HAVE_LINUX_SOUNDCARD_H
        #include <linux/soundcard.h>
        #endif
        #ifdef ALLEGRO_HAVE_MACHINE_SOUNDCARD_H
        #include <machine/soundcard.h>
        #endif
        int main(void) {
            audio_buf_info abi;
            return 0;
        }
Performing C SOURCE FILE Test PULSEAUDIO_COMPILES succeeded with the following output:
Change Dir: /home/pc/libs/allegro-5.0.10/build/CMakeFiles/CMakeTmp

Run Build Command:"/usr/bin/make" "cmTC_1bf59/fast"
/usr/bin/make -f CMakeFiles/cmTC_1bf59.dir/build.make CMakeFiles/cmTC_1bf59.dir/build
make[1]: Entering directory '/home/pc/libs/allegro-5.0.10/build/CMakeFiles/CMakeTmp'
Building C object CMakeFiles/cmTC_1bf59.dir/src.c.o
/usr/bin/cc   -msse -W -Wall  -DPULSEAUDIO_COMPILES   -o CMakeFiles/cmTC_1bf59.dir/src.c.o   -c /home/pc/libs/allegro-5.0.10/build/CMakeFiles/CMakeTmp/src.c
/home/pc/libs/allegro-5.0.10/build/CMakeFiles/CMakeTmp/src.c: In function main:
/home/pc/libs/allegro-5.0.10/build/CMakeFiles/CMakeTmp/src.c:11:34: warning: unused variable ss [-Wunused-variable]
                 pa_sink_state_t *ss;
                                  ^~
/home/pc/libs/allegro-5.0.10/build/CMakeFiles/CMakeTmp/src.c:10:31: warning: unused variable si [-Wunused-variable]
                 pa_sink_info *si;
                               ^~
/home/pc/libs/allegro-5.0.10/build/CMakeFiles/CMakeTmp/src.c:9:29: warning: unused variable c [-Wunused-variable]
                 pa_context *c;
                             ^
Linking C executable cmTC_1bf59
/usr/bin/cmake -E cmake_link_script CMakeFiles/cmTC_1bf59.dir/link.txt --verbose=1
/usr/bin/cc  -msse -W -Wall  -DPULSEAUDIO_COMPILES    -rdynamic CMakeFiles/cmTC_1bf59.dir/src.c.o  -o cmTC_1bf59 
make[1]: Leaving directory '/home/pc/libs/allegro-5.0.10/build/CMakeFiles/CMakeTmp'

Source file was:

            #include <pulse/simple.h>
            #include <pulse/error.h>
            #include <pulse/introspect.h>
            #include <pulse/mainloop.h>
            int main(void)
            {
                /* Require pulseaudio 0.9.15 */
                pa_context *c;
                pa_sink_info *si;
                pa_sink_state_t *ss;
                return 0;
            }
Performing C SOURCE FILE Test FLAC_COMPILES succeeded with the following output:
Change Dir: /home/pc/libs/allegro-5.0.10/build/CMakeFiles/CMakeTmp

Run Build Command:"/usr/bin/make" "cmTC_1f0ba/fast"
/usr/bin/make -f CMakeFiles/cmTC_1f0ba.dir/build.make CMakeFiles/cmTC_1f0ba.dir/build
make[1]: Entering directory '/home/pc/libs/allegro-5.0.10/build/CMakeFiles/CMakeTmp'
Building C object CMakeFiles/cmTC_1f0ba.dir/src.c.o
/usr/bin/cc   -msse -W -Wall  -DFLAC_COMPILES   -o CMakeFiles/cmTC_1f0ba.dir/src.c.o   -c /home/pc/libs/allegro-5.0.10/build/CMakeFiles/CMakeTmp/src.c
/home/pc/libs/allegro-5.0.10/build/CMakeFiles/CMakeTmp/src.c: In function main:
/home/pc/libs/allegro-5.0.10/build/CMakeFiles/CMakeTmp/src.c:5:47: warning: unused variable status [-Wunused-variable]
                 FLAC__StreamDecoderInitStatus status;
                                               ^~~~~~
Linking C executable cmTC_1f0ba
/usr/bin/cmake -E cmake_link_script CMakeFiles/cmTC_1f0ba.dir/link.txt --verbose=1
/usr/bin/cc  -msse -W -Wall  -DFLAC_COMPILES    -rdynamic CMakeFiles/cmTC_1f0ba.dir/src.c.o  -o cmTC_1f0ba /usr/lib/x86_64-linux-gnu/libFLAC.so /usr/lib/x86_64-linux-gnu/libogg.so 
make[1]: Leaving directory '/home/pc/libs/allegro-5.0.10/build/CMakeFiles/CMakeTmp'

Source file was:

            #include <FLAC/stream_decoder.h>
            int main(void)
            {
                FLAC__StreamDecoderInitStatus status;
                return 0;
            }
Performing C SOURCE FILE Test DUMB_COMPILES succeeded with the following output:
Change Dir: /home/pc/libs/allegro-5.0.10/build/CMakeFiles/CMakeTmp

Run Build Command:"/usr/bin/make" "cmTC_d0e47/fast"
/usr/bin/make -f CMakeFiles/cmTC_d0e47.dir/build.make CMakeFiles/cmTC_d0e47.dir/build
make[1]: Entering directory '/home/pc/libs/allegro-5.0.10/build/CMakeFiles/CMakeTmp'
Building C object CMakeFiles/cmTC_d0e47.dir/src.c.o
/usr/bin/cc   -msse -W -Wall  -DDUMB_COMPILES   -o CMakeFiles/cmTC_d0e47.dir/src.c.o   -c /home/pc/libs/allegro-5.0.10/build/CMakeFiles/CMakeTmp/src.c
Linking C executable cmTC_d0e47
/usr/bin/cmake -E cmake_link_script CMakeFiles/cmTC_d0e47.dir/link.txt --verbose=1
/usr/bin/cc  -msse -W -Wall  -DDUMB_COMPILES    -rdynamic CMakeFiles/cmTC_d0e47.dir/src.c.o  -o cmTC_d0e47 /usr/lib/x86_64-linux-gnu/libdumb.so 
make[1]: Leaving directory '/home/pc/libs/allegro-5.0.10/build/CMakeFiles/CMakeTmp'

Source file was:

            #include <dumb.h>
            int main(void)
            {
                dumb_register_stdfiles();
                return 0;
            }
Performing C SOURCE FILE Test VORBIS_COMPILES succeeded with the following output:
Change Dir: /home/pc/libs/allegro-5.0.10/build/CMakeFiles/CMakeTmp

Run Build Command:"/usr/bin/make" "cmTC_c9c17/fast"
/usr/bin/make -f CMakeFiles/cmTC_c9c17.dir/build.make CMakeFiles/cmTC_c9c17.dir/build
make[1]: Entering directory '/home/pc/libs/allegro-5.0.10/build/CMakeFiles/CMakeTmp'
Building C object CMakeFiles/cmTC_c9c17.dir/src.c.o
/usr/bin/cc   -msse -W -Wall  -DVORBIS_COMPILES   -o CMakeFiles/cmTC_c9c17.dir/src.c.o   -c /home/pc/libs/allegro-5.0.10/build/CMakeFiles/CMakeTmp/src.c
/home/pc/libs/allegro-5.0.10/build/CMakeFiles/CMakeTmp/src.c: In function main:
/home/pc/libs/allegro-5.0.10/build/CMakeFiles/CMakeTmp/src.c:6:30: warning: variable callback set but not used [-Wunused-but-set-variable]
                 ov_callbacks callback;
                              ^~~~~~~~
Linking C executable cmTC_c9c17
/usr/bin/cmake -E cmake_link_script CMakeFiles/cmTC_c9c17.dir/link.txt --verbose=1
/usr/bin/cc  -msse -W -Wall  -DVORBIS_COMPILES    -rdynamic CMakeFiles/cmTC_c9c17.dir/src.c.o  -o cmTC_c9c17 /usr/lib/x86_64-linux-gnu/libvorbisfile.so /usr/lib/x86_64-linux-gnu/libvorbis.so /usr/lib/x86_64-linux-gnu/libogg.so -lm 
make[1]: Leaving directory '/home/pc/libs/allegro-5.0.10/build/CMakeFiles/CMakeTmp'

Source file was:

            #include <vorbis/vorbisfile.h>
            int main(void)
            {
                OggVorbis_File f;
                ov_callbacks callback;
                vorbis_info *v = 0;
                (void)v;
                ov_info(&f, -1);
                callback = OV_CALLBACKS_NOCLOSE;
                return 0;
            }
Performing C SOURCE FILE Test PHYSFS_IMPLICIT_ZLIB succeeded with the following output:
Change Dir: /home/pc/libs/allegro-5.0.10/build/CMakeFiles/CMakeTmp

Run Build Command:"/usr/bin/make" "cmTC_ba73a/fast"
/usr/bin/make -f CMakeFiles/cmTC_ba73a.dir/build.make CMakeFiles/cmTC_ba73a.dir/build
make[1]: Entering directory '/home/pc/libs/allegro-5.0.10/build/CMakeFiles/CMakeTmp'
Building C object CMakeFiles/cmTC_ba73a.dir/src.c.o
/usr/bin/cc   -msse -W -Wall  -DPHYSFS_IMPLICIT_ZLIB   -o CMakeFiles/cmTC_ba73a.dir/src.c.o   -c /home/pc/libs/allegro-5.0.10/build/CMakeFiles/CMakeTmp/src.c
Linking C executable cmTC_ba73a
/usr/bin/cmake -E cmake_link_script CMakeFiles/cmTC_ba73a.dir/link.txt --verbose=1
/usr/bin/cc  -msse -W -Wall  -DPHYSFS_IMPLICIT_ZLIB    -rdynamic CMakeFiles/cmTC_ba73a.dir/src.c.o  -o cmTC_ba73a /usr/lib/x86_64-linux-gnu/libphysfs.so 
make[1]: Leaving directory '/home/pc/libs/allegro-5.0.10/build/CMakeFiles/CMakeTmp'

Source file was:

            #include <physfs.h>

            int main(int argc, char **argv)
            {
                (void)argc;
                PHYSFS_init(argv[0]);
                PHYSFS_deinit();
                return 0;
            }
